{"/Users/henry/study/vue3-json-schema/lib/SchemaForm.tsx": {"path":"/Users/henry/study/vue3-json-schema/lib/SchemaForm.tsx","statementMap":{"0":{"start":{"line":1,"column":0},"end":{"line":1,"column":null}},"1":{"start":{"line":3,"column":0},"end":{"line":3,"column":null}},"2":{"start":{"line":4,"column":0},"end":{"line":4,"column":null}},"3":{"start":{"line":5,"column":15},"end":{"line":5,"column":31}},"4":{"start":{"line":21,"column":26},"end":{"line":23,"column":null}},"5":{"start":{"line":22,"column":6},"end":{"line":22,"column":11}},"6":{"start":{"line":24,"column":20},"end":{"line":24,"column":null}},"7":{"start":{"line":27,"column":4},"end":{"line":27,"column":12}},"8":{"start":{"line":28,"column":4},"end":{"line":28,"column":11}},"9":{"start":{"line":29,"column":32},"end":{"line":29,"column":null}},"10":{"start":{"line":30,"column":6},"end":{"line":30,"column":null}}},"fnMap":{"0":{"name":"(anonymous_0)","decl":{"start":{"line":20,"column":2},"end":{"line":20,"column":7}},"loc":{"start":{"line":20,"column":13},"end":{"line":39,"column":null}}},"1":{"name":"(anonymous_1)","decl":{"start":{"line":21,"column":26},"end":{"line":21,"column":36}},"loc":{"start":{"line":21,"column":36},"end":{"line":23,"column":null}}},"2":{"name":"(anonymous_2)","decl":{"start":{"line":28,"column":11},"end":{"line":28,"column":16}},"loc":{"start":{"line":28,"column":16},"end":{"line":38,"column":null}}}},"branchMap":{},"s":{"0":2,"1":2,"2":2,"3":2,"4":2,"5":1,"6":2,"7":2,"8":2,"9":2,"10":2},"f":{"0":2,"1":1,"2":2},"b":{}}
,"/Users/henry/study/vue3-json-schema/lib/SchemaItem.tsx": {"path":"/Users/henry/study/vue3-json-schema/lib/SchemaItem.tsx","statementMap":{"0":{"start":{"line":1,"column":0},"end":{"line":1,"column":null}},"1":{"start":{"line":3,"column":0},"end":{"line":3,"column":null}},"2":{"start":{"line":4,"column":0},"end":{"line":4,"column":null}},"3":{"start":{"line":5,"column":0},"end":{"line":5,"column":null}},"4":{"start":{"line":6,"column":0},"end":{"line":6,"column":null}},"5":{"start":{"line":7,"column":0},"end":{"line":7,"column":null}},"6":{"start":{"line":8,"column":0},"end":{"line":8,"column":null}},"7":{"start":{"line":9,"column":15},"end":{"line":9,"column":31}},"8":{"start":{"line":14,"column":31},"end":{"line":14,"column":40}},"9":{"start":{"line":15,"column":44},"end":{"line":15,"column":null}},"10":{"start":{"line":16,"column":6},"end":{"line":16,"column":13}},"11":{"start":{"line":18,"column":4},"end":{"line":18,"column":11}},"12":{"start":{"line":19,"column":44},"end":{"line":19,"column":null}},"13":{"start":{"line":20,"column":30},"end":{"line":20,"column":null}},"14":{"start":{"line":21,"column":19},"end":{"line":21,"column":null}},"15":{"start":{"line":23,"column":6},"end":{"line":23,"column":14}},"16":{"start":{"line":25,"column":10},"end":{"line":25,"column":19}},"17":{"start":{"line":26,"column":10},"end":{"line":26,"column":null}},"18":{"start":{"line":28,"column":10},"end":{"line":28,"column":19}},"19":{"start":{"line":29,"column":10},"end":{"line":29,"column":null}},"20":{"start":{"line":31,"column":10},"end":{"line":31,"column":19}},"21":{"start":{"line":32,"column":10},"end":{"line":32,"column":null}},"22":{"start":{"line":34,"column":10},"end":{"line":34,"column":19}},"23":{"start":{"line":35,"column":10},"end":{"line":35,"column":null}},"24":{"start":{"line":37,"column":10},"end":{"line":37,"column":17}},"25":{"start":{"line":40,"column":6},"end":{"line":40,"column":13}}},"fnMap":{"0":{"name":"(anonymous_0)","decl":{"start":{"line":12,"column":2},"end":{"line":12,"column":7}},"loc":{"start":{"line":12,"column":13},"end":{"line":42,"column":null}}},"1":{"name":"(anonymous_1)","decl":{"start":{"line":14,"column":40},"end":{"line":14,"column":45}},"loc":{"start":{"line":14,"column":45},"end":{"line":17,"column":null}}},"2":{"name":"(anonymous_2)","decl":{"start":{"line":18,"column":11},"end":{"line":18,"column":16}},"loc":{"start":{"line":18,"column":16},"end":{"line":41,"column":null}}}},"branchMap":{"0":{"loc":{"start":{"line":24,"column":8},"end":{"line":26,"column":null}},"type":"switch","locations":[{"start":{"line":24,"column":8},"end":{"line":26,"column":null}},{"start":{"line":27,"column":8},"end":{"line":29,"column":null}},{"start":{"line":30,"column":8},"end":{"line":32,"column":null}},{"start":{"line":33,"column":8},"end":{"line":35,"column":null}},{"start":{"line":36,"column":8},"end":{"line":38,"column":null}}]}},"s":{"0":2,"1":2,"2":2,"3":2,"4":2,"5":2,"6":2,"7":2,"8":2,"9":2,"10":2,"11":2,"12":2,"13":2,"14":2,"15":2,"16":0,"17":0,"18":1,"19":1,"20":1,"21":1,"22":0,"23":0,"24":0,"25":2},"f":{"0":2,"1":2,"2":2},"b":{"0":[0,1,1,0,0]}}
,"/Users/henry/study/vue3-json-schema/lib/context.ts": {"path":"/Users/henry/study/vue3-json-schema/lib/context.ts","statementMap":{"0":{"start":{"line":1,"column":0},"end":{"line":1,"column":null}},"1":{"start":{"line":2,"column":36},"end":{"line":2,"column":null}},"2":{"start":{"line":7,"column":63},"end":{"line":7,"column":null}},"3":{"start":{"line":10,"column":2},"end":{"line":12,"column":null}},"4":{"start":{"line":11,"column":4},"end":{"line":11,"column":10}},"5":{"start":{"line":13,"column":2},"end":{"line":13,"column":9}}},"fnMap":{"0":{"name":"useVJSFContext","decl":{"start":{"line":6,"column":16},"end":{"line":6,"column":30}},"loc":{"start":{"line":6,"column":30},"end":{"line":14,"column":null}}}},"branchMap":{"0":{"loc":{"start":{"line":10,"column":2},"end":{"line":12,"column":null}},"type":"if","locations":[{"start":{"line":10,"column":2},"end":{"line":12,"column":null}},{"start":{"line":10,"column":2},"end":{"line":12,"column":null}}]}},"s":{"0":2,"1":2,"2":1,"3":1,"4":0,"5":1},"f":{"0":1},"b":{"0":[0,1]}}
,"/Users/henry/study/vue3-json-schema/lib/index.ts": {"path":"/Users/henry/study/vue3-json-schema/lib/index.ts","statementMap":{"0":{"start":{"line":1,"column":0},"end":{"line":1,"column":null}},"1":{"start":{"line":2,"column":0},"end":{"line":2,"column":null}},"2":{"start":{"line":3,"column":0},"end":{"line":3,"column":null}},"3":{"start":{"line":4,"column":15},"end":{"line":4,"column":null}}},"fnMap":{},"branchMap":{},"s":{"0":2,"1":2,"2":2,"3":2},"f":{},"b":{}}
,"/Users/henry/study/vue3-json-schema/lib/types.ts": {"path":"/Users/henry/study/vue3-json-schema/lib/types.ts","statementMap":{"0":{"start":{"line":3,"column":0},"end":{"line":3,"column":12}},"1":{"start":{"line":4,"column":2},"end":{"line":4,"column":null}},"2":{"start":{"line":5,"column":2},"end":{"line":5,"column":null}},"3":{"start":{"line":6,"column":2},"end":{"line":6,"column":null}},"4":{"start":{"line":7,"column":2},"end":{"line":7,"column":null}},"5":{"start":{"line":8,"column":2},"end":{"line":8,"column":null}},"6":{"start":{"line":9,"column":2},"end":{"line":9,"column":null}},"7":{"start":{"line":49,"column":32},"end":{"line":49,"column":null}}},"fnMap":{"0":{"name":"(anonymous_0)","decl":{"start":{"line":3,"column":0},"end":{"line":3,"column":12}},"loc":{"start":{"line":3,"column":23},"end":{"line":10,"column":null}}}},"branchMap":{"0":{"loc":{"start":{"line":3,"column":12},"end":{"line":3,"column":23}},"type":"binary-expr","locations":[{"start":{"line":3,"column":12},"end":{"line":3,"column":23}},{"start":{"line":3,"column":23},"end":{"line":3,"column":null}}]}},"s":{"0":2,"1":2,"2":2,"3":2,"4":2,"5":2,"6":2,"7":2},"f":{"0":2},"b":{"0":[2,2]}}
,"/Users/henry/study/vue3-json-schema/lib/utils.ts": {"path":"/Users/henry/study/vue3-json-schema/lib/utils.ts","statementMap":{"0":{"start":{"line":3,"column":0},"end":{"line":3,"column":null}},"1":{"start":{"line":4,"column":0},"end":{"line":4,"column":null}},"2":{"start":{"line":5,"column":0},"end":{"line":5,"column":null}},"3":{"start":{"line":13,"column":2},"end":{"line":18,"column":null}},"4":{"start":{"line":14,"column":4},"end":{"line":14,"column":11}},"5":{"start":{"line":15,"column":19},"end":{"line":15,"column":70}},"6":{"start":{"line":16,"column":6},"end":{"line":16,"column":13}},"7":{"start":{"line":19,"column":2},"end":{"line":19,"column":9}},"8":{"start":{"line":32,"column":2},"end":{"line":47,"column":null}},"9":{"start":{"line":33,"column":4},"end":{"line":33,"column":11}},"10":{"start":{"line":34,"column":9},"end":{"line":47,"column":null}},"11":{"start":{"line":35,"column":27},"end":{"line":35,"column":47}},"12":{"start":{"line":36,"column":4},"end":{"line":36,"column":11}},"13":{"start":{"line":37,"column":9},"end":{"line":47,"column":null}},"14":{"start":{"line":38,"column":4},"end":{"line":38,"column":11}},"15":{"start":{"line":41,"column":8},"end":{"line":41,"column":23}},"16":{"start":{"line":46,"column":4},"end":{"line":46,"column":11}},"17":{"start":{"line":55,"column":2},"end":{"line":57,"column":null}},"18":{"start":{"line":56,"column":4},"end":{"line":56,"column":11}},"19":{"start":{"line":58,"column":23},"end":{"line":58,"column":37}},"20":{"start":{"line":61,"column":2},"end":{"line":73,"column":null}},"21":{"start":{"line":62,"column":4},"end":{"line":72,"column":null}},"22":{"start":{"line":63,"column":6},"end":{"line":63,"column":20}},"23":{"start":{"line":69,"column":6},"end":{"line":69,"column":13}},"24":{"start":{"line":70,"column":55},"end":{"line":70,"column":null}},"25":{"start":{"line":71,"column":6},"end":{"line":71,"column":13}},"26":{"start":{"line":75,"column":4},"end":{"line":76,"column":null}},"27":{"start":{"line":77,"column":2},"end":{"line":84,"column":null}},"28":{"start":{"line":79,"column":4},"end":{"line":79,"column":11}},"29":{"start":{"line":85,"column":2},"end":{"line":85,"column":9}},"30":{"start":{"line":88,"column":40},"end":{"line":88,"column":null}},"31":{"start":{"line":96,"column":2},"end":{"line":96,"column":8}},"32":{"start":{"line":101,"column":2},"end":{"line":101,"column":8}},"33":{"start":{"line":102,"column":4},"end":{"line":105,"column":null}},"34":{"start":{"line":104,"column":6},"end":{"line":104,"column":null}},"35":{"start":{"line":108,"column":4},"end":{"line":118,"column":null}},"36":{"start":{"line":109,"column":6},"end":{"line":109,"column":26}},"37":{"start":{"line":114,"column":11},"end":{"line":118,"column":null}},"38":{"start":{"line":115,"column":6},"end":{"line":115,"column":26}},"39":{"start":{"line":117,"column":6},"end":{"line":117,"column":26}},"40":{"start":{"line":121,"column":5},"end":{"line":121,"column":19}},"41":{"start":{"line":123,"column":5},"end":{"line":123,"column":19}},"42":{"start":{"line":126,"column":2},"end":{"line":126,"column":9}},"43":{"start":{"line":144,"column":21},"end":{"line":144,"column":42}},"44":{"start":{"line":146,"column":35},"end":{"line":146,"column":null}},"45":{"start":{"line":148,"column":2},"end":{"line":148,"column":9}},"46":{"start":{"line":156,"column":18},"end":{"line":156,"column":null}},"47":{"start":{"line":157,"column":2},"end":{"line":162,"column":null}},"48":{"start":{"line":159,"column":4},"end":{"line":159,"column":8}},"49":{"start":{"line":161,"column":4},"end":{"line":161,"column":10}},"50":{"start":{"line":163,"column":18},"end":{"line":163,"column":30}},"51":{"start":{"line":164,"column":2},"end":{"line":166,"column":null}},"52":{"start":{"line":165,"column":4},"end":{"line":165,"column":10}},"53":{"start":{"line":167,"column":2},"end":{"line":170,"column":null}},"54":{"start":{"line":169,"column":4},"end":{"line":169,"column":11}},"55":{"start":{"line":171,"column":2},"end":{"line":171,"column":9}},"56":{"start":{"line":180,"column":49},"end":{"line":180,"column":null}},"57":{"start":{"line":181,"column":2},"end":{"line":191,"column":null}},"58":{"start":{"line":182,"column":4},"end":{"line":182,"column":18}},"59":{"start":{"line":186,"column":9},"end":{"line":191,"column":null}},"60":{"start":{"line":187,"column":4},"end":{"line":187,"column":18}},"61":{"start":{"line":192,"column":2},"end":{"line":192,"column":9}},"62":{"start":{"line":206,"column":2},"end":{"line":239,"column":null}},"63":{"start":{"line":208,"column":4},"end":{"line":210,"column":null}},"64":{"start":{"line":209,"column":6},"end":{"line":209,"column":null}},"65":{"start":{"line":212,"column":4},"end":{"line":217,"column":null}},"66":{"start":{"line":216,"column":6},"end":{"line":216,"column":null}},"67":{"start":{"line":221,"column":8},"end":{"line":221,"column":null}},"68":{"start":{"line":222,"column":4},"end":{"line":232,"column":null}},"69":{"start":{"line":223,"column":6},"end":{"line":223,"column":20}},"70":{"start":{"line":224,"column":11},"end":{"line":232,"column":null}},"71":{"start":{"line":225,"column":6},"end":{"line":225,"column":20}},"72":{"start":{"line":233,"column":4},"end":{"line":233,"column":11}},"73":{"start":{"line":240,"column":2},"end":{"line":240,"column":9}},"74":{"start":{"line":244,"column":2},"end":{"line":246,"column":null}},"75":{"start":{"line":245,"column":4},"end":{"line":245,"column":11}},"76":{"start":{"line":247,"column":19},"end":{"line":249,"column":null}},"77":{"start":{"line":250,"column":2},"end":{"line":250,"column":9}},"78":{"start":{"line":261,"column":40},"end":{"line":261,"column":null}},"79":{"start":{"line":266,"column":2},"end":{"line":266,"column":8}},"80":{"start":{"line":268,"column":2},"end":{"line":272,"column":null}},"81":{"start":{"line":269,"column":4},"end":{"line":269,"column":11}},"82":{"start":{"line":270,"column":9},"end":{"line":272,"column":null}},"83":{"start":{"line":271,"column":4},"end":{"line":271,"column":10}},"84":{"start":{"line":274,"column":25},"end":{"line":274,"column":38}},"85":{"start":{"line":275,"column":4},"end":{"line":277,"column":null}},"86":{"start":{"line":279,"column":2},"end":{"line":279,"column":9}},"87":{"start":{"line":295,"column":26},"end":{"line":295,"column":31}},"88":{"start":{"line":296,"column":4},"end":{"line":298,"column":null}},"89":{"start":{"line":297,"column":6},"end":{"line":297,"column":13}},"90":{"start":{"line":299,"column":57},"end":{"line":299,"column":null}},"91":{"start":{"line":300,"column":4},"end":{"line":310,"column":null}},"92":{"start":{"line":301,"column":30},"end":{"line":301,"column":null}},"93":{"start":{"line":312,"column":2},"end":{"line":317,"column":null}},"94":{"start":{"line":313,"column":4},"end":{"line":313,"column":11}},"95":{"start":{"line":316,"column":4},"end":{"line":316,"column":11}},"96":{"start":{"line":319,"column":20},"end":{"line":319,"column":36}},"97":{"start":{"line":323,"column":6},"end":{"line":323,"column":null}},"98":{"start":{"line":324,"column":26},"end":{"line":324,"column":28}},"99":{"start":{"line":325,"column":2},"end":{"line":325,"column":9}},"100":{"start":{"line":338,"column":14},"end":{"line":338,"column":20}},"101":{"start":{"line":339,"column":2},"end":{"line":339,"column":9}},"102":{"start":{"line":340,"column":17},"end":{"line":340,"column":null}},"103":{"start":{"line":341,"column":14},"end":{"line":341,"column":19}},"104":{"start":{"line":342,"column":4},"end":{"line":357,"column":null}},"105":{"start":{"line":343,"column":6},"end":{"line":343,"column":9}},"106":{"start":{"line":344,"column":11},"end":{"line":357,"column":null}},"107":{"start":{"line":354,"column":6},"end":{"line":354,"column":9}},"108":{"start":{"line":356,"column":6},"end":{"line":356,"column":9}},"109":{"start":{"line":358,"column":4},"end":{"line":358,"column":11}},"110":{"start":{"line":371,"column":2},"end":{"line":371,"column":9}},"111":{"start":{"line":375,"column":2},"end":{"line":375,"column":9}},"112":{"start":{"line":383,"column":2},"end":{"line":383,"column":9}},"113":{"start":{"line":388,"column":19},"end":{"line":388,"column":null}},"114":{"start":{"line":390,"column":2},"end":{"line":392,"column":null}},"115":{"start":{"line":391,"column":4},"end":{"line":391,"column":11}},"116":{"start":{"line":394,"column":2},"end":{"line":396,"column":null}},"117":{"start":{"line":395,"column":4},"end":{"line":395,"column":11}},"118":{"start":{"line":398,"column":2},"end":{"line":400,"column":null}},"119":{"start":{"line":399,"column":4},"end":{"line":399,"column":11}},"120":{"start":{"line":402,"column":17},"end":{"line":402,"column":null}},"121":{"start":{"line":403,"column":2},"end":{"line":405,"column":null}},"122":{"start":{"line":404,"column":4},"end":{"line":404,"column":11}},"123":{"start":{"line":404,"column":26},"end":{"line":404,"column":null}},"124":{"start":{"line":407,"column":2},"end":{"line":407,"column":9}},"125":{"start":{"line":436,"column":25},"end":{"line":452,"column":null}},"126":{"start":{"line":437,"column":2},"end":{"line":449,"column":null}},"127":{"start":{"line":438,"column":4},"end":{"line":438,"column":11}},"128":{"start":{"line":439,"column":9},"end":{"line":449,"column":null}},"129":{"start":{"line":440,"column":4},"end":{"line":440,"column":11}},"130":{"start":{"line":441,"column":9},"end":{"line":449,"column":null}},"131":{"start":{"line":442,"column":4},"end":{"line":442,"column":11}},"132":{"start":{"line":443,"column":9},"end":{"line":449,"column":null}},"133":{"start":{"line":444,"column":4},"end":{"line":444,"column":11}},"134":{"start":{"line":445,"column":9},"end":{"line":449,"column":null}},"135":{"start":{"line":446,"column":4},"end":{"line":446,"column":11}},"136":{"start":{"line":447,"column":9},"end":{"line":449,"column":null}},"137":{"start":{"line":448,"column":4},"end":{"line":448,"column":11}},"138":{"start":{"line":451,"column":2},"end":{"line":451,"column":9}},"139":{"start":{"line":455,"column":2},"end":{"line":455,"column":null}},"140":{"start":{"line":462,"column":17},"end":{"line":462,"column":32}},"141":{"start":{"line":463,"column":21},"end":{"line":463,"column":null}},"142":{"start":{"line":464,"column":2},"end":{"line":468,"column":null}},"143":{"start":{"line":465,"column":4},"end":{"line":465,"column":11}},"144":{"start":{"line":466,"column":9},"end":{"line":468,"column":null}},"145":{"start":{"line":467,"column":4},"end":{"line":467,"column":12}},"146":{"start":{"line":467,"column":50},"end":{"line":467,"column":61}},"147":{"start":{"line":469,"column":2},"end":{"line":469,"column":9}},"148":{"start":{"line":473,"column":2},"end":{"line":475,"column":null}},"149":{"start":{"line":474,"column":4},"end":{"line":474,"column":11}},"150":{"start":{"line":476,"column":2},"end":{"line":476,"column":9}},"151":{"start":{"line":485,"column":2},"end":{"line":535,"column":null}},"152":{"start":{"line":485,"column":15},"end":{"line":485,"column":18}},"153":{"start":{"line":486,"column":19},"end":{"line":486,"column":27}},"154":{"start":{"line":495,"column":4},"end":{"line":534,"column":null}},"155":{"start":{"line":498,"column":28},"end":{"line":498,"column":null}},"156":{"start":{"line":499,"column":58},"end":{"line":499,"column":null}},"157":{"start":{"line":507,"column":6},"end":{"line":523,"column":null}},"158":{"start":{"line":509,"column":36},"end":{"line":509,"column":null}},"159":{"start":{"line":511,"column":8},"end":{"line":516,"column":null}},"160":{"start":{"line":512,"column":10},"end":{"line":512,"column":22}},"161":{"start":{"line":515,"column":10},"end":{"line":515,"column":22}},"162":{"start":{"line":518,"column":8},"end":{"line":518,"column":20}},"163":{"start":{"line":520,"column":8},"end":{"line":520,"column":23}},"164":{"start":{"line":522,"column":8},"end":{"line":522,"column":23}},"165":{"start":{"line":527,"column":6},"end":{"line":527,"column":13}},"166":{"start":{"line":529,"column":6},"end":{"line":531,"column":null}},"167":{"start":{"line":530,"column":8},"end":{"line":530,"column":15}},"168":{"start":{"line":532,"column":11},"end":{"line":534,"column":null}},"169":{"start":{"line":533,"column":6},"end":{"line":533,"column":13}},"170":{"start":{"line":536,"column":2},"end":{"line":536,"column":9}},"171":{"start":{"line":540,"column":2},"end":{"line":561,"column":null}},"172":{"start":{"line":541,"column":4},"end":{"line":543,"column":null}},"173":{"start":{"line":542,"column":6},"end":{"line":542,"column":14}},"174":{"start":{"line":544,"column":4},"end":{"line":544,"column":11}},"175":{"start":{"line":545,"column":6},"end":{"line":547,"column":null}},"176":{"start":{"line":546,"column":8},"end":{"line":546,"column":15}},"177":{"start":{"line":548,"column":6},"end":{"line":548,"column":13}},"178":{"start":{"line":550,"column":9},"end":{"line":561,"column":null}},"179":{"start":{"line":551,"column":16},"end":{"line":551,"column":22}},"180":{"start":{"line":552,"column":4},"end":{"line":552,"column":11}},"181":{"start":{"line":553,"column":6},"end":{"line":553,"column":9}},"182":{"start":{"line":557,"column":6},"end":{"line":557,"column":13}},"183":{"start":{"line":560,"column":4},"end":{"line":560,"column":11}},"184":{"start":{"line":570,"column":2},"end":{"line":572,"column":null}},"185":{"start":{"line":571,"column":4},"end":{"line":571,"column":10}},"186":{"start":{"line":574,"column":19},"end":{"line":574,"column":null}},"187":{"start":{"line":583,"column":2},"end":{"line":586,"column":null}},"188":{"start":{"line":585,"column":4},"end":{"line":585,"column":11}},"189":{"start":{"line":587,"column":2},"end":{"line":589,"column":null}},"190":{"start":{"line":588,"column":4},"end":{"line":588,"column":11}},"191":{"start":{"line":590,"column":2},"end":{"line":592,"column":null}},"192":{"start":{"line":591,"column":4},"end":{"line":591,"column":11}},"193":{"start":{"line":593,"column":2},"end":{"line":593,"column":9}}},"fnMap":{"0":{"name":"optionsList","decl":{"start":{"line":12,"column":16},"end":{"line":12,"column":28}},"loc":{"start":{"line":12,"column":42},"end":{"line":29,"column":null}}},"1":{"name":"(anonymous_1)","decl":{"start":{"line":14,"column":27},"end":{"line":14,"column":28}},"loc":{"start":{"line":14,"column":40},"end":{"line":17,"column":null}}},"2":{"name":"resolveSchema","decl":{"start":{"line":31,"column":16},"end":{"line":31,"column":30}},"loc":{"start":{"line":31,"column":76},"end":{"line":48,"column":null}}},"3":{"name":"(anonymous_3)","decl":{"start":{"line":40,"column":40},"end":{"line":40,"column":null}},"loc":{"start":{"line":41,"column":8},"end":{"line":41,"column":23}}},"4":{"name":"retrieveSchema","decl":{"start":{"line":50,"column":16},"end":{"line":50,"column":null}},"loc":{"start":{"line":53,"column":20},"end":{"line":86,"column":null}}},"5":{"name":"stubExistingAdditionalProperties","decl":{"start":{"line":90,"column":16},"end":{"line":90,"column":null}},"loc":{"start":{"line":93,"column":20},"end":{"line":127,"column":null}}},"6":{"name":"(anonymous_6)","decl":{"start":{"line":101,"column":32},"end":{"line":101,"column":35}},"loc":{"start":{"line":101,"column":38},"end":{"line":124,"column":null}}},"7":{"name":"resolveReference","decl":{"start":{"line":142,"column":9},"end":{"line":142,"column":26}},"loc":{"start":{"line":142,"column":69},"end":{"line":153,"column":null}}},"8":{"name":"findSchemaDefinition","decl":{"start":{"line":155,"column":16},"end":{"line":155,"column":37}},"loc":{"start":{"line":155,"column":66},"end":{"line":172,"column":null}}},"9":{"name":"resolveDependencies","decl":{"start":{"line":174,"column":9},"end":{"line":174,"column":null}},"loc":{"start":{"line":177,"column":15},"end":{"line":198,"column":null}}},"10":{"name":"processDependencies","decl":{"start":{"line":199,"column":9},"end":{"line":199,"column":null}},"loc":{"start":{"line":203,"column":15},"end":{"line":241,"column":null}}},"11":{"name":"withDependentProperties","decl":{"start":{"line":243,"column":9},"end":{"line":243,"column":33}},"loc":{"start":{"line":243,"column":71},"end":{"line":251,"column":null}}},"12":{"name":"withDependentSchema","decl":{"start":{"line":253,"column":9},"end":{"line":253,"column":null}},"loc":{"start":{"line":258,"column":22},"end":{"line":286,"column":null}}},"13":{"name":"(anonymous_13)","decl":{"start":{"line":274,"column":44},"end":{"line":274,"column":null}},"loc":{"start":{"line":275,"column":4},"end":{"line":277,"column":null}}},"14":{"name":"withExactlyOneSubschema","decl":{"start":{"line":288,"column":9},"end":{"line":288,"column":null}},"loc":{"start":{"line":293,"column":12},"end":{"line":330,"column":null}}},"15":{"name":"(anonymous_15)","decl":{"start":{"line":295,"column":40},"end":{"line":295,"column":58}},"loc":{"start":{"line":295,"column":58},"end":{"line":311,"column":null}}},"16":{"name":"mergeSchemas","decl":{"start":{"line":337,"column":16},"end":{"line":337,"column":29}},"loc":{"start":{"line":337,"column":49},"end":{"line":360,"column":null}}},"17":{"name":"(anonymous_17)","decl":{"start":{"line":339,"column":34},"end":{"line":339,"column":35}},"loc":{"start":{"line":339,"column":47},"end":{"line":359,"column":5}}},"18":{"name":"isObject","decl":{"start":{"line":370,"column":16},"end":{"line":370,"column":25}},"loc":{"start":{"line":370,"column":35},"end":{"line":372,"column":null}}},"19":{"name":"isEmptyObject","decl":{"start":{"line":374,"column":16},"end":{"line":374,"column":30}},"loc":{"start":{"line":374,"column":40},"end":{"line":376,"column":null}}},"20":{"name":"hasOwnProperty","decl":{"start":{"line":378,"column":16},"end":{"line":378,"column":31}},"loc":{"start":{"line":378,"column":52},"end":{"line":384,"column":null}}},"21":{"name":"getSchemaType","decl":{"start":{"line":387,"column":16},"end":{"line":387,"column":30}},"loc":{"start":{"line":387,"column":44},"end":{"line":432,"column":null}}},"22":{"name":"(anonymous_22)","decl":{"start":{"line":404,"column":18},"end":{"line":404,"column":22}},"loc":{"start":{"line":404,"column":26},"end":{"line":404,"column":null}}},"23":{"name":"guessType","decl":{"start":{"line":436,"column":34},"end":{"line":436,"column":44}},"loc":{"start":{"line":436,"column":54},"end":{"line":452,"column":null}}},"24":{"name":"isConstant","decl":{"start":{"line":454,"column":16},"end":{"line":454,"column":27}},"loc":{"start":{"line":454,"column":41},"end":{"line":459,"column":null}}},"25":{"name":"isSelect","decl":{"start":{"line":461,"column":16},"end":{"line":461,"column":25}},"loc":{"start":{"line":461,"column":62},"end":{"line":470,"column":null}}},"26":{"name":"(anonymous_26)","decl":{"start":{"line":467,"column":38},"end":{"line":467,"column":50}},"loc":{"start":{"line":467,"column":50},"end":{"line":467,"column":61}}},"27":{"name":"isMultiSelect","decl":{"start":{"line":472,"column":16},"end":{"line":472,"column":30}},"loc":{"start":{"line":472,"column":69},"end":{"line":477,"column":null}}},"28":{"name":"getMatchingOption","decl":{"start":{"line":480,"column":16},"end":{"line":480,"column":null}},"loc":{"start":{"line":483,"column":49},"end":{"line":537,"column":null}}},"29":{"name":"(anonymous_29)","decl":{"start":{"line":499,"column":50},"end":{"line":499,"column":53}},"loc":{"start":{"line":499,"column":58},"end":{"line":499,"column":null}}},"30":{"name":"mergeDefaultsWithFormData","decl":{"start":{"line":539,"column":16},"end":{"line":539,"column":42}},"loc":{"start":{"line":539,"column":70},"end":{"line":562,"column":null}}},"31":{"name":"(anonymous_31)","decl":{"start":{"line":544,"column":24},"end":{"line":544,"column":25}},"loc":{"start":{"line":544,"column":39},"end":{"line":549,"column":null}}},"32":{"name":"(anonymous_32)","decl":{"start":{"line":552,"column":40},"end":{"line":552,"column":41}},"loc":{"start":{"line":552,"column":53},"end":{"line":558,"column":7}}}},"branchMap":{"0":{"loc":{"start":{"line":13,"column":2},"end":{"line":18,"column":null}},"type":"if","locations":[{"start":{"line":13,"column":2},"end":{"line":18,"column":null}},{"start":{"line":13,"column":2},"end":{"line":18,"column":null}}]},"1":{"loc":{"start":{"line":15,"column":19},"end":{"line":15,"column":39}},"type":"binary-expr","locations":[{"start":{"line":15,"column":19},"end":{"line":15,"column":39}},{"start":{"line":15,"column":39},"end":{"line":15,"column":45}},{"start":{"line":15,"column":63},"end":{"line":15,"column":70}}]},"2":{"loc":{"start":{"line":31,"column":59},"end":{"line":31,"column":63}},"type":"default-arg","locations":[{"start":{"line":31,"column":59},"end":{"line":31,"column":63}}]},"3":{"loc":{"start":{"line":31,"column":74},"end":{"line":31,"column":76}},"type":"default-arg","locations":[{"start":{"line":31,"column":74},"end":{"line":31,"column":76}}]},"4":{"loc":{"start":{"line":32,"column":2},"end":{"line":47,"column":null}},"type":"if","locations":[{"start":{"line":32,"column":2},"end":{"line":47,"column":null}},{"start":{"line":32,"column":2},"end":{"line":47,"column":null}}]},"5":{"loc":{"start":{"line":34,"column":9},"end":{"line":47,"column":null}},"type":"if","locations":[{"start":{"line":34,"column":9},"end":{"line":47,"column":null}},{"start":{"line":34,"column":9},"end":{"line":47,"column":null}}]},"6":{"loc":{"start":{"line":37,"column":9},"end":{"line":47,"column":null}},"type":"if","locations":[{"start":{"line":37,"column":9},"end":{"line":47,"column":null}},{"start":{"line":37,"column":9},"end":{"line":47,"column":null}}]},"7":{"loc":{"start":{"line":37,"column":13},"end":{"line":37,"column":28}},"type":"binary-expr","locations":[{"start":{"line":37,"column":13},"end":{"line":37,"column":28}},{"start":{"line":37,"column":48},"end":{"line":37,"column":53}}]},"8":{"loc":{"start":{"line":52,"column":15},"end":{"line":52,"column":null}},"type":"default-arg","locations":[{"start":{"line":52,"column":15},"end":{"line":52,"column":null}}]},"9":{"loc":{"start":{"line":53,"column":18},"end":{"line":53,"column":20}},"type":"default-arg","locations":[{"start":{"line":53,"column":18},"end":{"line":53,"column":20}}]},"10":{"loc":{"start":{"line":55,"column":2},"end":{"line":57,"column":null}},"type":"if","locations":[{"start":{"line":55,"column":2},"end":{"line":57,"column":null}},{"start":{"line":55,"column":2},"end":{"line":57,"column":null}}]},"11":{"loc":{"start":{"line":61,"column":2},"end":{"line":73,"column":null}},"type":"if","locations":[{"start":{"line":61,"column":2},"end":{"line":73,"column":null}},{"start":{"line":61,"column":2},"end":{"line":73,"column":null}}]},"12":{"loc":{"start":{"line":75,"column":4},"end":{"line":75,"column":18}},"type":"binary-expr","locations":[{"start":{"line":75,"column":4},"end":{"line":75,"column":18}},{"start":{"line":76,"column":4},"end":{"line":76,"column":null}}]},"13":{"loc":{"start":{"line":77,"column":2},"end":{"line":84,"column":null}},"type":"if","locations":[{"start":{"line":77,"column":2},"end":{"line":84,"column":null}},{"start":{"line":77,"column":2},"end":{"line":84,"column":null}}]},"14":{"loc":{"start":{"line":92,"column":23},"end":{"line":92,"column":null}},"type":"default-arg","locations":[{"start":{"line":92,"column":23},"end":{"line":92,"column":null}}]},"15":{"loc":{"start":{"line":93,"column":18},"end":{"line":93,"column":20}},"type":"default-arg","locations":[{"start":{"line":93,"column":18},"end":{"line":93,"column":20}}]},"16":{"loc":{"start":{"line":102,"column":4},"end":{"line":105,"column":null}},"type":"if","locations":[{"start":{"line":102,"column":4},"end":{"line":105,"column":null}},{"start":{"line":102,"column":4},"end":{"line":105,"column":null}}]},"17":{"loc":{"start":{"line":108,"column":4},"end":{"line":118,"column":null}},"type":"if","locations":[{"start":{"line":108,"column":4},"end":{"line":118,"column":null}},{"start":{"line":108,"column":4},"end":{"line":118,"column":null}}]},"18":{"loc":{"start":{"line":114,"column":11},"end":{"line":118,"column":null}},"type":"if","locations":[{"start":{"line":114,"column":11},"end":{"line":118,"column":null}},{"start":{"line":114,"column":11},"end":{"line":118,"column":null}}]},"19":{"loc":{"start":{"line":155,"column":64},"end":{"line":155,"column":66}},"type":"default-arg","locations":[{"start":{"line":155,"column":64},"end":{"line":155,"column":66}}]},"20":{"loc":{"start":{"line":157,"column":2},"end":{"line":162,"column":null}},"type":"if","locations":[{"start":{"line":157,"column":2},"end":{"line":162,"column":null}},{"start":{"line":157,"column":2},"end":{"line":162,"column":null}}]},"21":{"loc":{"start":{"line":164,"column":2},"end":{"line":166,"column":null}},"type":"if","locations":[{"start":{"line":164,"column":2},"end":{"line":166,"column":null}},{"start":{"line":164,"column":2},"end":{"line":166,"column":null}}]},"22":{"loc":{"start":{"line":167,"column":2},"end":{"line":170,"column":null}},"type":"if","locations":[{"start":{"line":167,"column":2},"end":{"line":170,"column":null}},{"start":{"line":167,"column":2},"end":{"line":170,"column":null}}]},"23":{"loc":{"start":{"line":180,"column":23},"end":{"line":180,"column":27}},"type":"default-arg","locations":[{"start":{"line":180,"column":23},"end":{"line":180,"column":27}}]},"24":{"loc":{"start":{"line":181,"column":2},"end":{"line":191,"column":null}},"type":"if","locations":[{"start":{"line":181,"column":2},"end":{"line":191,"column":null}},{"start":{"line":181,"column":2},"end":{"line":191,"column":null}}]},"25":{"loc":{"start":{"line":186,"column":9},"end":{"line":191,"column":null}},"type":"if","locations":[{"start":{"line":186,"column":9},"end":{"line":191,"column":null}},{"start":{"line":186,"column":9},"end":{"line":191,"column":null}}]},"26":{"loc":{"start":{"line":208,"column":4},"end":{"line":210,"column":null}},"type":"if","locations":[{"start":{"line":208,"column":4},"end":{"line":210,"column":null}},{"start":{"line":208,"column":4},"end":{"line":210,"column":null}}]},"27":{"loc":{"start":{"line":212,"column":4},"end":{"line":217,"column":null}},"type":"if","locations":[{"start":{"line":212,"column":4},"end":{"line":217,"column":null}},{"start":{"line":212,"column":4},"end":{"line":217,"column":null}}]},"28":{"loc":{"start":{"line":213,"column":6},"end":{"line":213,"column":null}},"type":"binary-expr","locations":[{"start":{"line":213,"column":6},"end":{"line":213,"column":null}},{"start":{"line":214,"column":6},"end":{"line":214,"column":8}}]},"29":{"loc":{"start":{"line":222,"column":4},"end":{"line":232,"column":null}},"type":"if","locations":[{"start":{"line":222,"column":4},"end":{"line":232,"column":null}},{"start":{"line":222,"column":4},"end":{"line":232,"column":null}}]},"30":{"loc":{"start":{"line":224,"column":11},"end":{"line":232,"column":null}},"type":"if","locations":[{"start":{"line":224,"column":11},"end":{"line":232,"column":null}},{"start":{"line":224,"column":11},"end":{"line":232,"column":null}}]},"31":{"loc":{"start":{"line":244,"column":2},"end":{"line":246,"column":null}},"type":"if","locations":[{"start":{"line":244,"column":2},"end":{"line":246,"column":null}},{"start":{"line":244,"column":2},"end":{"line":246,"column":null}}]},"32":{"loc":{"start":{"line":248,"column":6},"end":{"line":248,"column":11}},"type":"cond-expr","locations":[{"start":{"line":248,"column":6},"end":{"line":248,"column":11}},{"start":{"line":249,"column":6},"end":{"line":249,"column":null}}]},"33":{"loc":{"start":{"line":268,"column":2},"end":{"line":272,"column":null}},"type":"if","locations":[{"start":{"line":268,"column":2},"end":{"line":272,"column":null}},{"start":{"line":268,"column":2},"end":{"line":272,"column":null}}]},"34":{"loc":{"start":{"line":270,"column":9},"end":{"line":272,"column":null}},"type":"if","locations":[{"start":{"line":270,"column":9},"end":{"line":272,"column":null}},{"start":{"line":270,"column":9},"end":{"line":272,"column":null}}]},"35":{"loc":{"start":{"line":276,"column":8},"end":{"line":276,"column":25}},"type":"cond-expr","locations":[{"start":{"line":276,"column":8},"end":{"line":276,"column":25}},{"start":{"line":277,"column":8},"end":{"line":277,"column":null}}]},"36":{"loc":{"start":{"line":296,"column":4},"end":{"line":298,"column":null}},"type":"if","locations":[{"start":{"line":296,"column":4},"end":{"line":298,"column":null}},{"start":{"line":296,"column":4},"end":{"line":298,"column":null}}]},"37":{"loc":{"start":{"line":300,"column":4},"end":{"line":310,"column":null}},"type":"if","locations":[{"start":{"line":300,"column":4},"end":{"line":310,"column":null}},{"start":{"line":300,"column":4},"end":{"line":310,"column":null}}]},"38":{"loc":{"start":{"line":312,"column":2},"end":{"line":317,"column":null}},"type":"if","locations":[{"start":{"line":312,"column":2},"end":{"line":317,"column":null}},{"start":{"line":312,"column":2},"end":{"line":317,"column":null}}]},"39":{"loc":{"start":{"line":340,"column":24},"end":{"line":340,"column":29}},"type":"cond-expr","locations":[{"start":{"line":340,"column":24},"end":{"line":340,"column":29}},{"start":{"line":340,"column":36},"end":{"line":340,"column":null}}]},"40":{"loc":{"start":{"line":342,"column":4},"end":{"line":357,"column":null}},"type":"if","locations":[{"start":{"line":342,"column":4},"end":{"line":357,"column":null}},{"start":{"line":342,"column":4},"end":{"line":357,"column":null}}]},"41":{"loc":{"start":{"line":342,"column":8},"end":{"line":342,"column":12}},"type":"binary-expr","locations":[{"start":{"line":342,"column":8},"end":{"line":342,"column":12}},{"start":{"line":342,"column":16},"end":{"line":342,"column":31}},{"start":{"line":342,"column":45},"end":{"line":342,"column":54}}]},"42":{"loc":{"start":{"line":344,"column":11},"end":{"line":357,"column":null}},"type":"if","locations":[{"start":{"line":344,"column":11},"end":{"line":357,"column":null}},{"start":{"line":344,"column":11},"end":{"line":357,"column":null}}]},"43":{"loc":{"start":{"line":345,"column":6},"end":{"line":345,"column":10}},"type":"binary-expr","locations":[{"start":{"line":345,"column":6},"end":{"line":345,"column":10}},{"start":{"line":346,"column":6},"end":{"line":346,"column":null}},{"start":{"line":347,"column":7},"end":{"line":347,"column":43}},{"start":{"line":347,"column":43},"end":{"line":347,"column":null}},{"start":{"line":348,"column":6},"end":{"line":348,"column":null}},{"start":{"line":349,"column":6},"end":{"line":349,"column":11}},{"start":{"line":350,"column":6},"end":{"line":350,"column":11}}]},"44":{"loc":{"start":{"line":371,"column":9},"end":{"line":371,"column":38}},"type":"binary-expr","locations":[{"start":{"line":371,"column":9},"end":{"line":371,"column":38}},{"start":{"line":371,"column":38},"end":{"line":371,"column":56}},{"start":{"line":371,"column":56},"end":{"line":371,"column":62}}]},"45":{"loc":{"start":{"line":375,"column":9},"end":{"line":375,"column":18}},"type":"binary-expr","locations":[{"start":{"line":375,"column":9},"end":{"line":375,"column":18}},{"start":{"line":375,"column":28},"end":{"line":375,"column":null}}]},"46":{"loc":{"start":{"line":390,"column":2},"end":{"line":392,"column":null}},"type":"if","locations":[{"start":{"line":390,"column":2},"end":{"line":392,"column":null}},{"start":{"line":390,"column":2},"end":{"line":392,"column":null}}]},"47":{"loc":{"start":{"line":390,"column":6},"end":{"line":390,"column":15}},"type":"binary-expr","locations":[{"start":{"line":390,"column":6},"end":{"line":390,"column":15}},{"start":{"line":390,"column":15},"end":{"line":390,"column":29}}]},"48":{"loc":{"start":{"line":394,"column":2},"end":{"line":396,"column":null}},"type":"if","locations":[{"start":{"line":394,"column":2},"end":{"line":396,"column":null}},{"start":{"line":394,"column":2},"end":{"line":396,"column":null}}]},"49":{"loc":{"start":{"line":394,"column":6},"end":{"line":394,"column":15}},"type":"binary-expr","locations":[{"start":{"line":394,"column":6},"end":{"line":394,"column":15}},{"start":{"line":394,"column":15},"end":{"line":394,"column":28}}]},"50":{"loc":{"start":{"line":398,"column":2},"end":{"line":400,"column":null}},"type":"if","locations":[{"start":{"line":398,"column":2},"end":{"line":400,"column":null}},{"start":{"line":398,"column":2},"end":{"line":400,"column":null}}]},"51":{"loc":{"start":{"line":398,"column":6},"end":{"line":398,"column":16}},"type":"binary-expr","locations":[{"start":{"line":398,"column":6},"end":{"line":398,"column":16}},{"start":{"line":398,"column":16},"end":{"line":398,"column":37}},{"start":{"line":398,"column":37},"end":{"line":398,"column":67}}]},"52":{"loc":{"start":{"line":403,"column":2},"end":{"line":405,"column":null}},"type":"if","locations":[{"start":{"line":403,"column":2},"end":{"line":405,"column":null}},{"start":{"line":403,"column":2},"end":{"line":405,"column":null}}]},"53":{"loc":{"start":{"line":403,"column":6},"end":{"line":403,"column":28}},"type":"binary-expr","locations":[{"start":{"line":403,"column":6},"end":{"line":403,"column":28}},{"start":{"line":403,"column":28},"end":{"line":403,"column":46}},{"start":{"line":403,"column":46},"end":{"line":403,"column":47}}]},"54":{"loc":{"start":{"line":437,"column":2},"end":{"line":449,"column":null}},"type":"if","locations":[{"start":{"line":437,"column":2},"end":{"line":449,"column":null}},{"start":{"line":437,"column":2},"end":{"line":449,"column":null}}]},"55":{"loc":{"start":{"line":439,"column":9},"end":{"line":449,"column":null}},"type":"if","locations":[{"start":{"line":439,"column":9},"end":{"line":449,"column":null}},{"start":{"line":439,"column":9},"end":{"line":449,"column":null}}]},"56":{"loc":{"start":{"line":441,"column":9},"end":{"line":449,"column":null}},"type":"if","locations":[{"start":{"line":441,"column":9},"end":{"line":449,"column":null}},{"start":{"line":441,"column":9},"end":{"line":449,"column":null}}]},"57":{"loc":{"start":{"line":443,"column":9},"end":{"line":449,"column":null}},"type":"if","locations":[{"start":{"line":443,"column":9},"end":{"line":449,"column":null}},{"start":{"line":443,"column":9},"end":{"line":449,"column":null}}]},"58":{"loc":{"start":{"line":445,"column":9},"end":{"line":449,"column":null}},"type":"if","locations":[{"start":{"line":445,"column":9},"end":{"line":449,"column":null}},{"start":{"line":445,"column":9},"end":{"line":449,"column":null}}]},"59":{"loc":{"start":{"line":447,"column":9},"end":{"line":449,"column":null}},"type":"if","locations":[{"start":{"line":447,"column":9},"end":{"line":449,"column":null}},{"start":{"line":447,"column":9},"end":{"line":449,"column":null}}]},"60":{"loc":{"start":{"line":456,"column":5},"end":{"line":456,"column":10}},"type":"binary-expr","locations":[{"start":{"line":456,"column":5},"end":{"line":456,"column":10}},{"start":{"line":456,"column":35},"end":{"line":456,"column":null}},{"start":{"line":457,"column":4},"end":{"line":457,"column":10}}]},"61":{"loc":{"start":{"line":461,"column":60},"end":{"line":461,"column":62}},"type":"default-arg","locations":[{"start":{"line":461,"column":60},"end":{"line":461,"column":62}}]},"62":{"loc":{"start":{"line":463,"column":21},"end":{"line":463,"column":37}},"type":"binary-expr","locations":[{"start":{"line":463,"column":21},"end":{"line":463,"column":37}},{"start":{"line":463,"column":37},"end":{"line":463,"column":null}}]},"63":{"loc":{"start":{"line":464,"column":2},"end":{"line":468,"column":null}},"type":"if","locations":[{"start":{"line":464,"column":2},"end":{"line":468,"column":null}},{"start":{"line":464,"column":2},"end":{"line":468,"column":null}}]},"64":{"loc":{"start":{"line":466,"column":9},"end":{"line":468,"column":null}},"type":"if","locations":[{"start":{"line":466,"column":9},"end":{"line":468,"column":null}},{"start":{"line":466,"column":9},"end":{"line":468,"column":null}}]},"65":{"loc":{"start":{"line":472,"column":67},"end":{"line":472,"column":69}},"type":"default-arg","locations":[{"start":{"line":472,"column":67},"end":{"line":472,"column":69}}]},"66":{"loc":{"start":{"line":473,"column":2},"end":{"line":475,"column":null}},"type":"if","locations":[{"start":{"line":473,"column":2},"end":{"line":475,"column":null}},{"start":{"line":473,"column":2},"end":{"line":475,"column":null}}]},"67":{"loc":{"start":{"line":473,"column":6},"end":{"line":473,"column":29}},"type":"binary-expr","locations":[{"start":{"line":473,"column":6},"end":{"line":473,"column":29}},{"start":{"line":473,"column":29},"end":{"line":473,"column":44}}]},"68":{"loc":{"start":{"line":495,"column":4},"end":{"line":534,"column":null}},"type":"if","locations":[{"start":{"line":495,"column":4},"end":{"line":534,"column":null}},{"start":{"line":495,"column":4},"end":{"line":534,"column":null}}]},"69":{"loc":{"start":{"line":507,"column":6},"end":{"line":523,"column":null}},"type":"if","locations":[{"start":{"line":507,"column":6},"end":{"line":523,"column":null}},{"start":{"line":507,"column":6},"end":{"line":523,"column":null}}]},"70":{"loc":{"start":{"line":511,"column":8},"end":{"line":516,"column":null}},"type":"if","locations":[{"start":{"line":511,"column":8},"end":{"line":516,"column":null}},{"start":{"line":511,"column":8},"end":{"line":516,"column":null}}]},"71":{"loc":{"start":{"line":529,"column":6},"end":{"line":531,"column":null}},"type":"if","locations":[{"start":{"line":529,"column":6},"end":{"line":531,"column":null}},{"start":{"line":529,"column":6},"end":{"line":531,"column":null}}]},"72":{"loc":{"start":{"line":532,"column":11},"end":{"line":534,"column":null}},"type":"if","locations":[{"start":{"line":532,"column":11},"end":{"line":534,"column":null}},{"start":{"line":532,"column":11},"end":{"line":534,"column":null}}]},"73":{"loc":{"start":{"line":540,"column":2},"end":{"line":561,"column":null}},"type":"if","locations":[{"start":{"line":540,"column":2},"end":{"line":561,"column":null}},{"start":{"line":540,"column":2},"end":{"line":561,"column":null}}]},"74":{"loc":{"start":{"line":541,"column":4},"end":{"line":543,"column":null}},"type":"if","locations":[{"start":{"line":541,"column":4},"end":{"line":543,"column":null}},{"start":{"line":541,"column":4},"end":{"line":543,"column":null}}]},"75":{"loc":{"start":{"line":545,"column":6},"end":{"line":547,"column":null}},"type":"if","locations":[{"start":{"line":545,"column":6},"end":{"line":547,"column":null}},{"start":{"line":545,"column":6},"end":{"line":547,"column":null}}]},"76":{"loc":{"start":{"line":550,"column":9},"end":{"line":561,"column":null}},"type":"if","locations":[{"start":{"line":550,"column":9},"end":{"line":561,"column":null}},{"start":{"line":550,"column":9},"end":{"line":561,"column":null}}]},"77":{"loc":{"start":{"line":554,"column":19},"end":{"line":554,"column":28}},"type":"cond-expr","locations":[{"start":{"line":554,"column":19},"end":{"line":554,"column":28}},{"start":{"line":554,"column":35},"end":{"line":554,"column":null}}]},"78":{"loc":{"start":{"line":570,"column":2},"end":{"line":572,"column":null}},"type":"if","locations":[{"start":{"line":570,"column":2},"end":{"line":572,"column":null}},{"start":{"line":570,"column":2},"end":{"line":572,"column":null}}]},"79":{"loc":{"start":{"line":583,"column":2},"end":{"line":586,"column":null}},"type":"if","locations":[{"start":{"line":583,"column":2},"end":{"line":586,"column":null}},{"start":{"line":583,"column":2},"end":{"line":586,"column":null}}]},"80":{"loc":{"start":{"line":587,"column":2},"end":{"line":589,"column":null}},"type":"if","locations":[{"start":{"line":587,"column":2},"end":{"line":589,"column":null}},{"start":{"line":587,"column":2},"end":{"line":589,"column":null}}]},"81":{"loc":{"start":{"line":587,"column":6},"end":{"line":587,"column":15}},"type":"binary-expr","locations":[{"start":{"line":587,"column":6},"end":{"line":587,"column":15}},{"start":{"line":587,"column":28},"end":{"line":587,"column":33}}]},"82":{"loc":{"start":{"line":590,"column":2},"end":{"line":592,"column":null}},"type":"if","locations":[{"start":{"line":590,"column":2},"end":{"line":592,"column":null}},{"start":{"line":590,"column":2},"end":{"line":592,"column":null}}]},"83":{"loc":{"start":{"line":590,"column":6},"end":{"line":590,"column":24}},"type":"binary-expr","locations":[{"start":{"line":590,"column":6},"end":{"line":590,"column":24}},{"start":{"line":590,"column":24},"end":{"line":590,"column":46}},{"start":{"line":590,"column":46},"end":{"line":590,"column":63}}]},"84":{"loc":{"start":{"line":593,"column":9},"end":{"line":593,"column":17}},"type":"binary-expr","locations":[{"start":{"line":593,"column":9},"end":{"line":593,"column":17}},{"start":{"line":593,"column":21},"end":{"line":593,"column":null}}]}},"s":{"0":2,"1":2,"2":2,"3":0,"4":0,"5":0,"6":0,"7":0,"8":2,"9":0,"10":2,"11":0,"12":0,"13":2,"14":0,"15":0,"16":2,"17":2,"18":0,"19":2,"20":2,"21":0,"22":0,"23":0,"24":0,"25":0,"26":2,"27":2,"28":0,"29":2,"30":2,"31":0,"32":0,"33":0,"34":0,"35":0,"36":0,"37":0,"38":0,"39":0,"40":0,"41":0,"42":0,"43":0,"44":0,"45":0,"46":0,"47":0,"48":0,"49":0,"50":0,"51":0,"52":0,"53":0,"54":0,"55":0,"56":0,"57":0,"58":0,"59":0,"60":0,"61":0,"62":0,"63":0,"64":0,"65":0,"66":0,"67":0,"68":0,"69":0,"70":0,"71":0,"72":0,"73":0,"74":0,"75":0,"76":0,"77":0,"78":0,"79":0,"80":0,"81":0,"82":0,"83":0,"84":0,"85":0,"86":0,"87":0,"88":0,"89":0,"90":0,"91":0,"92":0,"93":0,"94":0,"95":0,"96":0,"97":0,"98":0,"99":0,"100":0,"101":0,"102":0,"103":0,"104":0,"105":0,"106":0,"107":0,"108":0,"109":0,"110":3,"111":0,"112":6,"113":0,"114":0,"115":0,"116":0,"117":0,"118":0,"119":0,"120":0,"121":0,"122":0,"123":0,"124":0,"125":2,"126":0,"127":0,"128":0,"129":0,"130":0,"131":0,"132":0,"133":0,"134":0,"135":0,"136":0,"137":0,"138":0,"139":0,"140":0,"141":0,"142":0,"143":0,"144":0,"145":0,"146":0,"147":0,"148":0,"149":0,"150":0,"151":0,"152":0,"153":0,"154":0,"155":0,"156":0,"157":0,"158":0,"159":0,"160":0,"161":0,"162":0,"163":0,"164":0,"165":0,"166":0,"167":0,"168":0,"169":0,"170":0,"171":0,"172":0,"173":0,"174":0,"175":0,"176":0,"177":0,"178":0,"179":0,"180":0,"181":0,"182":0,"183":0,"184":0,"185":0,"186":0,"187":0,"188":0,"189":0,"190":0,"191":0,"192":0,"193":0},"f":{"0":0,"1":0,"2":2,"3":0,"4":2,"5":0,"6":0,"7":0,"8":0,"9":0,"10":0,"11":0,"12":0,"13":0,"14":0,"15":0,"16":0,"17":0,"18":3,"19":0,"20":6,"21":0,"22":0,"23":0,"24":0,"25":0,"26":0,"27":0,"28":0,"29":0,"30":0,"31":0,"32":0},"b":{"0":[0,0],"1":[0,0,0],"2":[0],"3":[0],"4":[0,2],"5":[0,2],"6":[0,2],"7":[2,0],"8":[0],"9":[0],"10":[0,2],"11":[0,2],"12":[2,0],"13":[0,2],"14":[0],"15":[0],"16":[0,0],"17":[0,0],"18":[0,0],"19":[0],"20":[0,0],"21":[0,0],"22":[0,0],"23":[0],"24":[0,0],"25":[0,0],"26":[0,0],"27":[0,0],"28":[0,0],"29":[0,0],"30":[0,0],"31":[0,0],"32":[0,0],"33":[0,0],"34":[0,0],"35":[0,0],"36":[0,0],"37":[0,0],"38":[0,0],"39":[0,0],"40":[0,0],"41":[0,0,0],"42":[0,0],"43":[0,0,0,0,0,0,0],"44":[3,3,3],"45":[0,0],"46":[0,0],"47":[0,0],"48":[0,0],"49":[0,0],"50":[0,0],"51":[0,0,0],"52":[0,0],"53":[0,0,0],"54":[0,0],"55":[0,0],"56":[0,0],"57":[0,0],"58":[0,0],"59":[0,0],"60":[0,0,0],"61":[0],"62":[0,0],"63":[0,0],"64":[0,0],"65":[0],"66":[0,0],"67":[0,0],"68":[0,0],"69":[0,0],"70":[0,0],"71":[0,0],"72":[0,0],"73":[0,0],"74":[0,0],"75":[0,0],"76":[0,0],"77":[0,0],"78":[0,0],"79":[0,0],"80":[0,0],"81":[0,0],"82":[0,0],"83":[0,0,0],"84":[0,0]}}
,"/Users/henry/study/vue3-json-schema/lib/fields/ArrayField.tsx": {"path":"/Users/henry/study/vue3-json-schema/lib/fields/ArrayField.tsx","statementMap":{"0":{"start":{"line":1,"column":0},"end":{"line":1,"column":null}},"1":{"start":{"line":2,"column":0},"end":{"line":2,"column":null}},"2":{"start":{"line":3,"column":0},"end":{"line":3,"column":null}},"3":{"start":{"line":4,"column":0},"end":{"line":4,"column":null}},"4":{"start":{"line":5,"column":0},"end":{"line":5,"column":null}},"5":{"start":{"line":6,"column":18},"end":{"line":6,"column":34}},"6":{"start":{"line":24,"column":25},"end":{"line":24,"column":41}},"7":{"start":{"line":50,"column":27},"end":{"line":50,"column":null}},"8":{"start":{"line":51,"column":26},"end":{"line":53,"column":null}},"9":{"start":{"line":52,"column":12},"end":{"line":52,"column":17}},"10":{"start":{"line":54,"column":29},"end":{"line":56,"column":null}},"11":{"start":{"line":55,"column":12},"end":{"line":55,"column":17}},"12":{"start":{"line":57,"column":25},"end":{"line":59,"column":null}},"13":{"start":{"line":58,"column":12},"end":{"line":58,"column":17}},"14":{"start":{"line":60,"column":27},"end":{"line":62,"column":null}},"15":{"start":{"line":61,"column":12},"end":{"line":61,"column":17}},"16":{"start":{"line":63,"column":8},"end":{"line":63,"column":15}},"17":{"start":{"line":64,"column":28},"end":{"line":64,"column":null}},"18":{"start":{"line":65,"column":12},"end":{"line":65,"column":19}},"19":{"start":{"line":98,"column":15},"end":{"line":98,"column":31}},"20":{"start":{"line":102,"column":24},"end":{"line":102,"column":null}},"21":{"start":{"line":103,"column":38},"end":{"line":108,"column":null}},"22":{"start":{"line":104,"column":30},"end":{"line":104,"column":null}},"23":{"start":{"line":105,"column":24},"end":{"line":105,"column":null}},"24":{"start":{"line":106,"column":12},"end":{"line":106,"column":15}},"25":{"start":{"line":107,"column":12},"end":{"line":107,"column":17}},"26":{"start":{"line":109,"column":27},"end":{"line":114,"column":null}},"27":{"start":{"line":110,"column":30},"end":{"line":110,"column":null}},"28":{"start":{"line":111,"column":24},"end":{"line":111,"column":null}},"29":{"start":{"line":112,"column":12},"end":{"line":112,"column":15}},"30":{"start":{"line":113,"column":12},"end":{"line":113,"column":17}},"31":{"start":{"line":115,"column":30},"end":{"line":120,"column":null}},"32":{"start":{"line":116,"column":30},"end":{"line":116,"column":null}},"33":{"start":{"line":117,"column":24},"end":{"line":117,"column":null}},"34":{"start":{"line":118,"column":12},"end":{"line":118,"column":15}},"35":{"start":{"line":119,"column":12},"end":{"line":119,"column":17}},"36":{"start":{"line":121,"column":26},"end":{"line":129,"column":null}},"37":{"start":{"line":122,"column":12},"end":{"line":122,"column":null}},"38":{"start":{"line":122,"column":29},"end":{"line":122,"column":null}},"39":{"start":{"line":123,"column":30},"end":{"line":123,"column":null}},"40":{"start":{"line":124,"column":24},"end":{"line":124,"column":null}},"41":{"start":{"line":125,"column":25},"end":{"line":125,"column":28}},"42":{"start":{"line":127,"column":12},"end":{"line":127,"column":15}},"43":{"start":{"line":128,"column":12},"end":{"line":128,"column":17}},"44":{"start":{"line":130,"column":28},"end":{"line":137,"column":null}},"45":{"start":{"line":131,"column":30},"end":{"line":131,"column":null}},"46":{"start":{"line":132,"column":24},"end":{"line":132,"column":null}},"47":{"start":{"line":133,"column":12},"end":{"line":133,"column":null}},"48":{"start":{"line":133,"column":42},"end":{"line":133,"column":null}},"49":{"start":{"line":134,"column":25},"end":{"line":134,"column":28}},"50":{"start":{"line":135,"column":12},"end":{"line":135,"column":15}},"51":{"start":{"line":136,"column":12},"end":{"line":136,"column":17}},"52":{"start":{"line":138,"column":8},"end":{"line":138,"column":15}},"53":{"start":{"line":139,"column":50},"end":{"line":139,"column":null}},"54":{"start":{"line":140,"column":31},"end":{"line":140,"column":null}},"55":{"start":{"line":141,"column":32},"end":{"line":141,"column":37}},"56":{"start":{"line":142,"column":29},"end":{"line":142,"column":null}},"57":{"start":{"line":144,"column":12},"end":{"line":185,"column":null}},"58":{"start":{"line":145,"column":40},"end":{"line":145,"column":null}},"59":{"start":{"line":146,"column":28},"end":{"line":146,"column":null}},"60":{"start":{"line":147,"column":16},"end":{"line":147,"column":23}},"61":{"start":{"line":149,"column":20},"end":{"line":149,"column":null}},"62":{"start":{"line":154,"column":46},"end":{"line":154,"column":68}},"63":{"start":{"line":157,"column":19},"end":{"line":185,"column":null}},"64":{"start":{"line":159,"column":28},"end":{"line":159,"column":null}},"65":{"start":{"line":160,"column":16},"end":{"line":160,"column":23}},"66":{"start":{"line":161,"column":20},"end":{"line":161,"column":27}},"67":{"start":{"line":167,"column":50},"end":{"line":167,"column":72}},"68":{"start":{"line":161,"column":27},"end":{"line":161,"column":52}},"69":{"start":{"line":173,"column":37},"end":{"line":173,"column":null}},"70":{"start":{"line":174,"column":32},"end":{"line":174,"column":43}},"71":{"start":{"line":175,"column":20},"end":{"line":175,"column":27}},"72":{"start":{"line":180,"column":16},"end":{"line":180,"column":23}}},"fnMap":{"0":{"name":"(anonymous_1)","decl":{"start":{"line":48,"column":4},"end":{"line":48,"column":9}},"loc":{"start":{"line":48,"column":26},"end":{"line":77,"column":null}}},"1":{"name":"(anonymous_2)","decl":{"start":{"line":51,"column":26},"end":{"line":51,"column":31}},"loc":{"start":{"line":51,"column":31},"end":{"line":53,"column":null}}},"2":{"name":"(anonymous_3)","decl":{"start":{"line":54,"column":29},"end":{"line":54,"column":34}},"loc":{"start":{"line":54,"column":34},"end":{"line":56,"column":null}}},"3":{"name":"(anonymous_4)","decl":{"start":{"line":57,"column":25},"end":{"line":57,"column":30}},"loc":{"start":{"line":57,"column":30},"end":{"line":59,"column":null}}},"4":{"name":"(anonymous_5)","decl":{"start":{"line":60,"column":27},"end":{"line":60,"column":32}},"loc":{"start":{"line":60,"column":32},"end":{"line":62,"column":null}}},"5":{"name":"(anonymous_6)","decl":{"start":{"line":63,"column":15},"end":{"line":63,"column":20}},"loc":{"start":{"line":63,"column":20},"end":{"line":76,"column":null}}},"6":{"name":"(anonymous_7)","decl":{"start":{"line":101,"column":4},"end":{"line":101,"column":9}},"loc":{"start":{"line":101,"column":15},"end":{"line":187,"column":null}}},"7":{"name":"(anonymous_8)","decl":{"start":{"line":103,"column":38},"end":{"line":103,"column":39}},"loc":{"start":{"line":103,"column":64},"end":{"line":108,"column":null}}},"8":{"name":"(anonymous_9)","decl":{"start":{"line":109,"column":27},"end":{"line":109,"column":44}},"loc":{"start":{"line":109,"column":44},"end":{"line":114,"column":null}}},"9":{"name":"(anonymous_10)","decl":{"start":{"line":115,"column":30},"end":{"line":115,"column":47}},"loc":{"start":{"line":115,"column":47},"end":{"line":120,"column":null}}},"10":{"name":"(anonymous_11)","decl":{"start":{"line":121,"column":26},"end":{"line":121,"column":43}},"loc":{"start":{"line":121,"column":43},"end":{"line":129,"column":null}}},"11":{"name":"(anonymous_12)","decl":{"start":{"line":130,"column":28},"end":{"line":130,"column":45}},"loc":{"start":{"line":130,"column":45},"end":{"line":137,"column":null}}},"12":{"name":"(anonymous_13)","decl":{"start":{"line":138,"column":15},"end":{"line":138,"column":20}},"loc":{"start":{"line":138,"column":20},"end":{"line":186,"column":null}}},"13":{"name":"(anonymous_14)","decl":{"start":{"line":147,"column":33},"end":{"line":147,"column":34}},"loc":{"start":{"line":149,"column":20},"end":{"line":149,"column":null}}},"14":{"name":"(anonymous_15)","decl":{"start":{"line":154,"column":35},"end":{"line":154,"column":46}},"loc":{"start":{"line":154,"column":46},"end":{"line":154,"column":68}}},"15":{"name":"(anonymous_16)","decl":{"start":{"line":160,"column":31},"end":{"line":160,"column":32}},"loc":{"start":{"line":160,"column":57},"end":{"line":170,"column":null}}},"16":{"name":"(anonymous_17)","decl":{"start":{"line":167,"column":39},"end":{"line":167,"column":50}},"loc":{"start":{"line":167,"column":50},"end":{"line":167,"column":72}}},"17":{"name":"(anonymous_18)","decl":{"start":{"line":161,"column":27},"end":{"line":161,"column":52}},"loc":{"start":{"line":161,"column":27},"end":{"line":161,"column":52}}},"18":{"name":"(anonymous_19)","decl":{"start":{"line":174,"column":49},"end":{"line":174,"column":59}},"loc":{"start":{"line":174,"column":59},"end":{"line":179,"column":null}}}},"branchMap":{"0":{"loc":{"start":{"line":73,"column":21},"end":{"line":73,"column":38}},"type":"binary-expr","locations":[{"start":{"line":73,"column":21},"end":{"line":73,"column":38}},{"start":{"line":73,"column":38},"end":{"line":73,"column":43}}]},"1":{"loc":{"start":{"line":105,"column":47},"end":{"line":105,"column":55}},"type":"cond-expr","locations":[{"start":{"line":105,"column":47},"end":{"line":105,"column":55}},{"start":{"line":105,"column":55},"end":{"line":105,"column":null}}]},"2":{"loc":{"start":{"line":111,"column":47},"end":{"line":111,"column":55}},"type":"cond-expr","locations":[{"start":{"line":111,"column":47},"end":{"line":111,"column":55}},{"start":{"line":111,"column":55},"end":{"line":111,"column":null}}]},"3":{"loc":{"start":{"line":117,"column":47},"end":{"line":117,"column":55}},"type":"cond-expr","locations":[{"start":{"line":117,"column":47},"end":{"line":117,"column":55}},{"start":{"line":117,"column":55},"end":{"line":117,"column":null}}]},"4":{"loc":{"start":{"line":122,"column":12},"end":{"line":122,"column":null}},"type":"if","locations":[{"start":{"line":122,"column":12},"end":{"line":122,"column":null}},{"start":{"line":122,"column":12},"end":{"line":122,"column":null}}]},"5":{"loc":{"start":{"line":124,"column":47},"end":{"line":124,"column":55}},"type":"cond-expr","locations":[{"start":{"line":124,"column":47},"end":{"line":124,"column":55}},{"start":{"line":124,"column":55},"end":{"line":124,"column":null}}]},"6":{"loc":{"start":{"line":132,"column":47},"end":{"line":132,"column":55}},"type":"cond-expr","locations":[{"start":{"line":132,"column":47},"end":{"line":132,"column":55}},{"start":{"line":132,"column":55},"end":{"line":132,"column":null}}]},"7":{"loc":{"start":{"line":133,"column":12},"end":{"line":133,"column":null}},"type":"if","locations":[{"start":{"line":133,"column":12},"end":{"line":133,"column":null}},{"start":{"line":133,"column":12},"end":{"line":133,"column":null}}]},"8":{"loc":{"start":{"line":142,"column":29},"end":{"line":142,"column":46}},"type":"binary-expr","locations":[{"start":{"line":142,"column":29},"end":{"line":142,"column":46}},{"start":{"line":142,"column":46},"end":{"line":142,"column":null}}]},"9":{"loc":{"start":{"line":144,"column":12},"end":{"line":185,"column":null}},"type":"if","locations":[{"start":{"line":144,"column":12},"end":{"line":185,"column":null}},{"start":{"line":144,"column":12},"end":{"line":185,"column":null}}]},"10":{"loc":{"start":{"line":146,"column":51},"end":{"line":146,"column":59}},"type":"cond-expr","locations":[{"start":{"line":146,"column":51},"end":{"line":146,"column":59}},{"start":{"line":146,"column":59},"end":{"line":146,"column":null}}]},"11":{"loc":{"start":{"line":157,"column":19},"end":{"line":185,"column":null}},"type":"if","locations":[{"start":{"line":157,"column":19},"end":{"line":185,"column":null}},{"start":{"line":157,"column":19},"end":{"line":185,"column":null}}]},"12":{"loc":{"start":{"line":159,"column":51},"end":{"line":159,"column":59}},"type":"cond-expr","locations":[{"start":{"line":159,"column":51},"end":{"line":159,"column":59}},{"start":{"line":159,"column":59},"end":{"line":159,"column":null}}]},"13":{"loc":{"start":{"line":161,"column":27},"end":{"line":161,"column":52}},"type":"cond-expr","locations":[{"start":{"line":161,"column":27},"end":{"line":161,"column":52}},{"start":{"line":161,"column":27},"end":{"line":161,"column":52}}]}},"s":{"0":2,"1":2,"2":2,"3":2,"4":2,"5":2,"6":2,"7":0,"8":0,"9":0,"10":0,"11":0,"12":0,"13":0,"14":0,"15":0,"16":0,"17":0,"18":0,"19":2,"20":0,"21":0,"22":0,"23":0,"24":0,"25":0,"26":0,"27":0,"28":0,"29":0,"30":0,"31":0,"32":0,"33":0,"34":0,"35":0,"36":0,"37":0,"38":0,"39":0,"40":0,"41":0,"42":0,"43":0,"44":0,"45":0,"46":0,"47":0,"48":0,"49":0,"50":0,"51":0,"52":0,"53":0,"54":0,"55":0,"56":0,"57":0,"58":0,"59":0,"60":0,"61":0,"62":0,"63":0,"64":0,"65":0,"66":0,"67":0,"68":0,"69":0,"70":0,"71":0,"72":0},"f":{"0":0,"1":0,"2":0,"3":0,"4":0,"5":0,"6":0,"7":0,"8":0,"9":0,"10":0,"11":0,"12":0,"13":0,"14":0,"15":0,"16":0,"17":0,"18":0},"b":{"0":[0,0],"1":[0,0],"2":[0,0],"3":[0,0],"4":[0,0],"5":[0,0],"6":[0,0],"7":[0,0],"8":[0,0],"9":[0,0],"10":[0,0],"11":[0,0],"12":[0,0],"13":[0,0]}}
,"/Users/henry/study/vue3-json-schema/lib/fields/NumberField.vue": {"path":"/Users/henry/study/vue3-json-schema/lib/fields/NumberField.vue","statementMap":{"0":{"start":{"line":6,"column":0},"end":{"line":6,"column":null}},"1":{"start":{"line":7,"column":0},"end":{"line":7,"column":null}},"2":{"start":{"line":8,"column":15},"end":{"line":8,"column":31}},"3":{"start":{"line":11,"column":25},"end":{"line":19,"column":null}},"4":{"start":{"line":12,"column":20},"end":{"line":12,"column":27}},"5":{"start":{"line":13,"column":6},"end":{"line":18,"column":null}},"6":{"start":{"line":14,"column":8},"end":{"line":14,"column":13}},"7":{"start":{"line":16,"column":8},"end":{"line":16,"column":13}},"8":{"start":{"line":17,"column":8},"end":{"line":17,"column":15}},"9":{"start":{"line":20,"column":4},"end":{"line":20,"column":11}}},"fnMap":{"0":{"name":"(anonymous_0)","decl":{"start":{"line":10,"column":2},"end":{"line":10,"column":7}},"loc":{"start":{"line":10,"column":13},"end":{"line":23,"column":null}}},"1":{"name":"(anonymous_1)","decl":{"start":{"line":11,"column":25},"end":{"line":11,"column":26}},"loc":{"start":{"line":11,"column":32},"end":{"line":19,"column":null}}}},"branchMap":{"0":{"loc":{"start":{"line":13,"column":6},"end":{"line":18,"column":null}},"type":"if","locations":[{"start":{"line":13,"column":6},"end":{"line":18,"column":null}},{"start":{"line":13,"column":6},"end":{"line":18,"column":null}}]}},"s":{"0":2,"1":2,"2":2,"3":1,"4":1,"5":1,"6":0,"7":1,"8":1,"9":1},"f":{"0":1,"1":1},"b":{"0":[0,1]}}
,"/Users/henry/study/vue3-json-schema/lib/fields/ObjectField.tsx": {"path":"/Users/henry/study/vue3-json-schema/lib/fields/ObjectField.tsx","statementMap":{"0":{"start":{"line":1,"column":0},"end":{"line":1,"column":null}},"1":{"start":{"line":7,"column":0},"end":{"line":7,"column":null}},"2":{"start":{"line":8,"column":0},"end":{"line":8,"column":null}},"3":{"start":{"line":9,"column":0},"end":{"line":9,"column":null}},"4":{"start":{"line":10,"column":15},"end":{"line":10,"column":null}},"5":{"start":{"line":22,"column":15},"end":{"line":22,"column":31}},"6":{"start":{"line":26,"column":20},"end":{"line":26,"column":null}},"7":{"start":{"line":27,"column":36},"end":{"line":35,"column":null}},"8":{"start":{"line":28,"column":25},"end":{"line":28,"column":null}},"9":{"start":{"line":29,"column":6},"end":{"line":33,"column":null}},"10":{"start":{"line":30,"column":8},"end":{"line":30,"column":15}},"11":{"start":{"line":32,"column":8},"end":{"line":32,"column":13}},"12":{"start":{"line":34,"column":6},"end":{"line":34,"column":11}},"13":{"start":{"line":36,"column":4},"end":{"line":36,"column":11}},"14":{"start":{"line":37,"column":44},"end":{"line":37,"column":null}},"15":{"start":{"line":38,"column":29},"end":{"line":38,"column":null}},"16":{"start":{"line":39,"column":25},"end":{"line":39,"column":null}},"17":{"start":{"line":40,"column":32},"end":{"line":40,"column":null}},"18":{"start":{"line":41,"column":6},"end":{"line":41,"column":13}},"19":{"start":{"line":42,"column":8},"end":{"line":42,"column":null}},"20":{"start":{"line":43,"column":32},"end":{"line":43,"column":56}}},"fnMap":{"0":{"name":"(anonymous_0)","decl":{"start":{"line":25,"column":2},"end":{"line":25,"column":7}},"loc":{"start":{"line":25,"column":13},"end":{"line":51,"column":null}}},"1":{"name":"(anonymous_1)","decl":{"start":{"line":27,"column":36},"end":{"line":27,"column":37}},"loc":{"start":{"line":27,"column":63},"end":{"line":35,"column":null}}},"2":{"name":"(anonymous_2)","decl":{"start":{"line":36,"column":11},"end":{"line":36,"column":16}},"loc":{"start":{"line":36,"column":16},"end":{"line":50,"column":null}}},"3":{"name":"(anonymous_3)","decl":{"start":{"line":41,"column":41},"end":{"line":41,"column":42}},"loc":{"start":{"line":42,"column":8},"end":{"line":42,"column":null}}},"4":{"name":"(anonymous_4)","decl":{"start":{"line":43,"column":21},"end":{"line":43,"column":32}},"loc":{"start":{"line":43,"column":32},"end":{"line":43,"column":56}}}},"branchMap":{"0":{"loc":{"start":{"line":28,"column":49},"end":{"line":28,"column":63}},"type":"cond-expr","locations":[{"start":{"line":28,"column":49},"end":{"line":28,"column":63}},{"start":{"line":28,"column":63},"end":{"line":28,"column":null}}]},"1":{"loc":{"start":{"line":29,"column":6},"end":{"line":33,"column":null}},"type":"if","locations":[{"start":{"line":29,"column":6},"end":{"line":33,"column":null}},{"start":{"line":29,"column":6},"end":{"line":33,"column":null}}]},"2":{"loc":{"start":{"line":39,"column":25},"end":{"line":39,"column":46}},"type":"binary-expr","locations":[{"start":{"line":39,"column":25},"end":{"line":39,"column":46}},{"start":{"line":39,"column":46},"end":{"line":39,"column":null}}]},"3":{"loc":{"start":{"line":40,"column":50},"end":{"line":40,"column":58}},"type":"cond-expr","locations":[{"start":{"line":40,"column":50},"end":{"line":40,"column":58}},{"start":{"line":40,"column":58},"end":{"line":40,"column":null}}]}},"s":{"0":2,"1":2,"2":2,"3":2,"4":2,"5":2,"6":1,"7":1,"8":0,"9":0,"10":0,"11":0,"12":0,"13":1,"14":1,"15":1,"16":1,"17":1,"18":1,"19":0,"20":0},"f":{"0":1,"1":0,"2":1,"3":0,"4":0},"b":{"0":[0,0],"1":[0,0],"2":[1,1],"3":[1,0]}}
,"/Users/henry/study/vue3-json-schema/lib/fields/StringField.vue": {"path":"/Users/henry/study/vue3-json-schema/lib/fields/StringField.vue","statementMap":{"0":{"start":{"line":6,"column":0},"end":{"line":6,"column":null}},"1":{"start":{"line":7,"column":0},"end":{"line":7,"column":null}},"2":{"start":{"line":8,"column":15},"end":{"line":8,"column":31}},"3":{"start":{"line":11,"column":25},"end":{"line":13,"column":null}},"4":{"start":{"line":11,"column":34},"end":{"line":11,"column":66}},"5":{"start":{"line":12,"column":6},"end":{"line":12,"column":11}},"6":{"start":{"line":14,"column":4},"end":{"line":14,"column":11}}},"fnMap":{"0":{"name":"(anonymous_0)","decl":{"start":{"line":10,"column":2},"end":{"line":10,"column":7}},"loc":{"start":{"line":10,"column":13},"end":{"line":17,"column":null}}},"1":{"name":"(anonymous_1)","decl":{"start":{"line":11,"column":25},"end":{"line":11,"column":26}},"loc":{"start":{"line":11,"column":66},"end":{"line":13,"column":null}}}},"branchMap":{},"s":{"0":2,"1":2,"2":2,"3":0,"4":0,"5":0,"6":0},"f":{"0":0,"1":0},"b":{}}
,"/Users/henry/study/vue3-json-schema/lib/widgets/selection.tsx": {"path":"/Users/henry/study/vue3-json-schema/lib/widgets/selection.tsx","statementMap":{"0":{"start":{"line":1,"column":0},"end":{"line":1,"column":null}},"1":{"start":{"line":3,"column":15},"end":{"line":3,"column":31}},"2":{"start":{"line":20,"column":32},"end":{"line":20,"column":36}},"3":{"start":{"line":21,"column":8},"end":{"line":21,"column":14}},"4":{"start":{"line":22,"column":12},"end":{"line":24,"column":null}},"5":{"start":{"line":23,"column":16},"end":{"line":23,"column":21}},"6":{"start":{"line":26,"column":8},"end":{"line":26,"column":14}},"7":{"start":{"line":26,"column":20},"end":{"line":26,"column":33}},"8":{"start":{"line":27,"column":12},"end":{"line":29,"column":null}},"9":{"start":{"line":28,"column":16},"end":{"line":28,"column":31}},"10":{"start":{"line":31,"column":8},"end":{"line":31,"column":15}},"11":{"start":{"line":32,"column":32},"end":{"line":32,"column":null}},"12":{"start":{"line":33,"column":12},"end":{"line":33,"column":null}},"13":{"start":{"line":34,"column":49},"end":{"line":34,"column":34}},"14":{"start":{"line":36,"column":44},"end":{"line":36,"column":59}}},"fnMap":{"0":{"name":"(anonymous_0)","decl":{"start":{"line":19,"column":4},"end":{"line":19,"column":9}},"loc":{"start":{"line":19,"column":15},"end":{"line":41,"column":null}}},"1":{"name":"(anonymous_1)","decl":{"start":{"line":21,"column":31},"end":{"line":21,"column":32}},"loc":{"start":{"line":21,"column":46},"end":{"line":25,"column":null}}},"2":{"name":"(anonymous_2)","decl":{"start":{"line":26,"column":14},"end":{"line":26,"column":20}},"loc":{"start":{"line":26,"column":20},"end":{"line":26,"column":33}}},"3":{"name":"(anonymous_3)","decl":{"start":{"line":26,"column":34},"end":{"line":26,"column":39}},"loc":{"start":{"line":26,"column":39},"end":{"line":30,"column":null}}},"4":{"name":"(anonymous_4)","decl":{"start":{"line":31,"column":15},"end":{"line":31,"column":20}},"loc":{"start":{"line":31,"column":20},"end":{"line":40,"column":null}}},"5":{"name":"(anonymous_5)","decl":{"start":{"line":34,"column":16},"end":{"line":34,"column":34}},"loc":{"start":{"line":34,"column":49},"end":{"line":34,"column":34}}},"6":{"name":"(anonymous_6)","decl":{"start":{"line":36,"column":37},"end":{"line":36,"column":44}},"loc":{"start":{"line":36,"column":44},"end":{"line":36,"column":59}}}},"branchMap":{"0":{"loc":{"start":{"line":22,"column":12},"end":{"line":24,"column":null}},"type":"if","locations":[{"start":{"line":22,"column":12},"end":{"line":24,"column":null}},{"start":{"line":22,"column":12},"end":{"line":24,"column":null}}]},"1":{"loc":{"start":{"line":27,"column":12},"end":{"line":29,"column":null}},"type":"if","locations":[{"start":{"line":27,"column":12},"end":{"line":29,"column":null}},{"start":{"line":27,"column":12},"end":{"line":29,"column":null}}]}},"s":{"0":2,"1":2,"2":0,"3":0,"4":0,"5":0,"6":0,"7":0,"8":0,"9":0,"10":0,"11":0,"12":0,"13":0,"14":0},"f":{"0":0,"1":0,"2":0,"3":0,"4":0,"5":0,"6":0},"b":{"0":[0,0],"1":[0,0]}}
}
