TN:
SF:/Users/henry/study/vue3-json-schema/lib/SchemaForm.tsx
FN:20,(anonymous_0)
FN:21,(anonymous_1)
FN:28,(anonymous_2)
FNF:3
FNH:3
FNDA:2,(anonymous_0)
FNDA:1,(anonymous_1)
FNDA:2,(anonymous_2)
DA:1,2
DA:3,2
DA:4,2
DA:5,2
DA:21,2
DA:22,1
DA:24,2
DA:27,2
DA:28,2
DA:29,2
DA:30,2
LF:11
LH:11
BRF:0
BRH:0
end_of_record
TN:
SF:/Users/henry/study/vue3-json-schema/lib/SchemaItem.tsx
FN:12,(anonymous_0)
FN:14,(anonymous_1)
FN:18,(anonymous_2)
FNF:3
FNH:3
FNDA:2,(anonymous_0)
FNDA:2,(anonymous_1)
FNDA:2,(anonymous_2)
DA:1,2
DA:3,2
DA:4,2
DA:5,2
DA:6,2
DA:7,2
DA:8,2
DA:9,2
DA:14,2
DA:15,2
DA:16,2
DA:18,2
DA:19,2
DA:20,2
DA:21,2
DA:23,2
DA:25,0
DA:26,0
DA:28,1
DA:29,1
DA:31,1
DA:32,1
DA:34,0
DA:35,0
DA:37,0
DA:40,2
LF:26
LH:21
BRDA:24,0,0,0
BRDA:24,0,1,1
BRDA:24,0,2,1
BRDA:24,0,3,0
BRDA:24,0,4,0
BRF:5
BRH:2
end_of_record
TN:
SF:/Users/henry/study/vue3-json-schema/lib/context.ts
FN:6,useVJSFContext
FNF:1
FNH:1
FNDA:1,useVJSFContext
DA:1,2
DA:2,2
DA:7,1
DA:10,1
DA:11,0
DA:13,1
LF:6
LH:5
BRDA:10,0,0,0
BRDA:10,0,1,1
BRF:2
BRH:1
end_of_record
TN:
SF:/Users/henry/study/vue3-json-schema/lib/index.ts
FNF:0
FNH:0
DA:1,2
DA:2,2
DA:3,2
DA:4,2
LF:4
LH:4
BRF:0
BRH:0
end_of_record
TN:
SF:/Users/henry/study/vue3-json-schema/lib/types.ts
FN:3,(anonymous_0)
FNF:1
FNH:1
FNDA:2,(anonymous_0)
DA:3,2
DA:4,2
DA:5,2
DA:6,2
DA:7,2
DA:8,2
DA:9,2
DA:49,2
LF:8
LH:8
BRDA:3,0,0,2
BRDA:3,0,1,2
BRF:2
BRH:2
end_of_record
TN:
SF:/Users/henry/study/vue3-json-schema/lib/utils.ts
FN:12,optionsList
FN:14,(anonymous_1)
FN:31,resolveSchema
FN:40,(anonymous_3)
FN:50,retrieveSchema
FN:90,stubExistingAdditionalProperties
FN:101,(anonymous_6)
FN:142,resolveReference
FN:155,findSchemaDefinition
FN:174,resolveDependencies
FN:199,processDependencies
FN:243,withDependentProperties
FN:253,withDependentSchema
FN:274,(anonymous_13)
FN:288,withExactlyOneSubschema
FN:295,(anonymous_15)
FN:337,mergeSchemas
FN:339,(anonymous_17)
FN:370,isObject
FN:374,isEmptyObject
FN:378,hasOwnProperty
FN:387,getSchemaType
FN:404,(anonymous_22)
FN:436,guessType
FN:454,isConstant
FN:461,isSelect
FN:467,(anonymous_26)
FN:472,isMultiSelect
FN:480,getMatchingOption
FN:499,(anonymous_29)
FN:539,mergeDefaultsWithFormData
FN:544,(anonymous_31)
FN:552,(anonymous_32)
FNF:33
FNH:4
FNDA:0,optionsList
FNDA:0,(anonymous_1)
FNDA:2,resolveSchema
FNDA:0,(anonymous_3)
FNDA:2,retrieveSchema
FNDA:0,stubExistingAdditionalProperties
FNDA:0,(anonymous_6)
FNDA:0,resolveReference
FNDA:0,findSchemaDefinition
FNDA:0,resolveDependencies
FNDA:0,processDependencies
FNDA:0,withDependentProperties
FNDA:0,withDependentSchema
FNDA:0,(anonymous_13)
FNDA:0,withExactlyOneSubschema
FNDA:0,(anonymous_15)
FNDA:0,mergeSchemas
FNDA:0,(anonymous_17)
FNDA:3,isObject
FNDA:0,isEmptyObject
FNDA:6,hasOwnProperty
FNDA:0,getSchemaType
FNDA:0,(anonymous_22)
FNDA:0,guessType
FNDA:0,isConstant
FNDA:0,isSelect
FNDA:0,(anonymous_26)
FNDA:0,isMultiSelect
FNDA:0,getMatchingOption
FNDA:0,(anonymous_29)
FNDA:0,mergeDefaultsWithFormData
FNDA:0,(anonymous_31)
FNDA:0,(anonymous_32)
DA:3,2
DA:4,2
DA:5,2
DA:13,0
DA:14,0
DA:15,0
DA:16,0
DA:19,0
DA:32,2
DA:33,0
DA:34,2
DA:35,0
DA:36,0
DA:37,2
DA:38,0
DA:41,0
DA:46,2
DA:55,2
DA:56,0
DA:58,2
DA:61,2
DA:62,0
DA:63,0
DA:69,0
DA:70,0
DA:71,0
DA:75,2
DA:77,2
DA:79,0
DA:85,2
DA:88,2
DA:96,0
DA:101,0
DA:102,0
DA:104,0
DA:108,0
DA:109,0
DA:114,0
DA:115,0
DA:117,0
DA:121,0
DA:123,0
DA:126,0
DA:144,0
DA:146,0
DA:148,0
DA:156,0
DA:157,0
DA:159,0
DA:161,0
DA:163,0
DA:164,0
DA:165,0
DA:167,0
DA:169,0
DA:171,0
DA:180,0
DA:181,0
DA:182,0
DA:186,0
DA:187,0
DA:192,0
DA:206,0
DA:208,0
DA:209,0
DA:212,0
DA:216,0
DA:221,0
DA:222,0
DA:223,0
DA:224,0
DA:225,0
DA:233,0
DA:240,0
DA:244,0
DA:245,0
DA:247,0
DA:250,0
DA:261,0
DA:266,0
DA:268,0
DA:269,0
DA:270,0
DA:271,0
DA:274,0
DA:275,0
DA:279,0
DA:295,0
DA:296,0
DA:297,0
DA:299,0
DA:300,0
DA:301,0
DA:312,0
DA:313,0
DA:316,0
DA:319,0
DA:323,0
DA:324,0
DA:325,0
DA:338,0
DA:339,0
DA:340,0
DA:341,0
DA:342,0
DA:343,0
DA:344,0
DA:354,0
DA:356,0
DA:358,0
DA:371,3
DA:375,0
DA:383,6
DA:388,0
DA:390,0
DA:391,0
DA:394,0
DA:395,0
DA:398,0
DA:399,0
DA:402,0
DA:403,0
DA:404,0
DA:407,0
DA:436,2
DA:437,0
DA:438,0
DA:439,0
DA:440,0
DA:441,0
DA:442,0
DA:443,0
DA:444,0
DA:445,0
DA:446,0
DA:447,0
DA:448,0
DA:451,0
DA:455,0
DA:462,0
DA:463,0
DA:464,0
DA:465,0
DA:466,0
DA:467,0
DA:469,0
DA:473,0
DA:474,0
DA:476,0
DA:485,0
DA:486,0
DA:495,0
DA:498,0
DA:499,0
DA:507,0
DA:509,0
DA:511,0
DA:512,0
DA:515,0
DA:518,0
DA:520,0
DA:522,0
DA:527,0
DA:529,0
DA:530,0
DA:532,0
DA:533,0
DA:536,0
DA:540,0
DA:541,0
DA:542,0
DA:544,0
DA:545,0
DA:546,0
DA:548,0
DA:550,0
DA:551,0
DA:552,0
DA:553,0
DA:557,0
DA:560,0
DA:570,0
DA:571,0
DA:574,0
DA:583,0
DA:585,0
DA:587,0
DA:588,0
DA:590,0
DA:591,0
DA:593,0
LF:191
LH:17
BRDA:13,0,0,0
BRDA:13,0,1,0
BRDA:15,1,0,0
BRDA:15,1,1,0
BRDA:15,1,2,0
BRDA:31,2,0,0
BRDA:31,3,0,0
BRDA:32,4,0,0
BRDA:32,4,1,2
BRDA:34,5,0,0
BRDA:34,5,1,2
BRDA:37,6,0,0
BRDA:37,6,1,2
BRDA:37,7,0,2
BRDA:37,7,1,0
BRDA:52,8,0,0
BRDA:53,9,0,0
BRDA:55,10,0,0
BRDA:55,10,1,2
BRDA:61,11,0,0
BRDA:61,11,1,2
BRDA:75,12,0,2
BRDA:75,12,1,0
BRDA:77,13,0,0
BRDA:77,13,1,2
BRDA:92,14,0,0
BRDA:93,15,0,0
BRDA:102,16,0,0
BRDA:102,16,1,0
BRDA:108,17,0,0
BRDA:108,17,1,0
BRDA:114,18,0,0
BRDA:114,18,1,0
BRDA:155,19,0,0
BRDA:157,20,0,0
BRDA:157,20,1,0
BRDA:164,21,0,0
BRDA:164,21,1,0
BRDA:167,22,0,0
BRDA:167,22,1,0
BRDA:180,23,0,0
BRDA:181,24,0,0
BRDA:181,24,1,0
BRDA:186,25,0,0
BRDA:186,25,1,0
BRDA:208,26,0,0
BRDA:208,26,1,0
BRDA:212,27,0,0
BRDA:212,27,1,0
BRDA:213,28,0,0
BRDA:213,28,1,0
BRDA:222,29,0,0
BRDA:222,29,1,0
BRDA:224,30,0,0
BRDA:224,30,1,0
BRDA:244,31,0,0
BRDA:244,31,1,0
BRDA:248,32,0,0
BRDA:248,32,1,0
BRDA:268,33,0,0
BRDA:268,33,1,0
BRDA:270,34,0,0
BRDA:270,34,1,0
BRDA:276,35,0,0
BRDA:276,35,1,0
BRDA:296,36,0,0
BRDA:296,36,1,0
BRDA:300,37,0,0
BRDA:300,37,1,0
BRDA:312,38,0,0
BRDA:312,38,1,0
BRDA:340,39,0,0
BRDA:340,39,1,0
BRDA:342,40,0,0
BRDA:342,40,1,0
BRDA:342,41,0,0
BRDA:342,41,1,0
BRDA:342,41,2,0
BRDA:344,42,0,0
BRDA:344,42,1,0
BRDA:345,43,0,0
BRDA:345,43,1,0
BRDA:345,43,2,0
BRDA:345,43,3,0
BRDA:345,43,4,0
BRDA:345,43,5,0
BRDA:345,43,6,0
BRDA:371,44,0,3
BRDA:371,44,1,3
BRDA:371,44,2,3
BRDA:375,45,0,0
BRDA:375,45,1,0
BRDA:390,46,0,0
BRDA:390,46,1,0
BRDA:390,47,0,0
BRDA:390,47,1,0
BRDA:394,48,0,0
BRDA:394,48,1,0
BRDA:394,49,0,0
BRDA:394,49,1,0
BRDA:398,50,0,0
BRDA:398,50,1,0
BRDA:398,51,0,0
BRDA:398,51,1,0
BRDA:398,51,2,0
BRDA:403,52,0,0
BRDA:403,52,1,0
BRDA:403,53,0,0
BRDA:403,53,1,0
BRDA:403,53,2,0
BRDA:437,54,0,0
BRDA:437,54,1,0
BRDA:439,55,0,0
BRDA:439,55,1,0
BRDA:441,56,0,0
BRDA:441,56,1,0
BRDA:443,57,0,0
BRDA:443,57,1,0
BRDA:445,58,0,0
BRDA:445,58,1,0
BRDA:447,59,0,0
BRDA:447,59,1,0
BRDA:456,60,0,0
BRDA:456,60,1,0
BRDA:456,60,2,0
BRDA:461,61,0,0
BRDA:463,62,0,0
BRDA:463,62,1,0
BRDA:464,63,0,0
BRDA:464,63,1,0
BRDA:466,64,0,0
BRDA:466,64,1,0
BRDA:472,65,0,0
BRDA:473,66,0,0
BRDA:473,66,1,0
BRDA:473,67,0,0
BRDA:473,67,1,0
BRDA:495,68,0,0
BRDA:495,68,1,0
BRDA:507,69,0,0
BRDA:507,69,1,0
BRDA:511,70,0,0
BRDA:511,70,1,0
BRDA:529,71,0,0
BRDA:529,71,1,0
BRDA:532,72,0,0
BRDA:532,72,1,0
BRDA:540,73,0,0
BRDA:540,73,1,0
BRDA:541,74,0,0
BRDA:541,74,1,0
BRDA:545,75,0,0
BRDA:545,75,1,0
BRDA:550,76,0,0
BRDA:550,76,1,0
BRDA:554,77,0,0
BRDA:554,77,1,0
BRDA:570,78,0,0
BRDA:570,78,1,0
BRDA:583,79,0,0
BRDA:583,79,1,0
BRDA:587,80,0,0
BRDA:587,80,1,0
BRDA:587,81,0,0
BRDA:587,81,1,0
BRDA:590,82,0,0
BRDA:590,82,1,0
BRDA:590,83,0,0
BRDA:590,83,1,0
BRDA:590,83,2,0
BRDA:593,84,0,0
BRDA:593,84,1,0
BRF:172
BRH:11
end_of_record
TN:
SF:/Users/henry/study/vue3-json-schema/lib/fields/ArrayField.tsx
FN:48,(anonymous_1)
FN:51,(anonymous_2)
FN:54,(anonymous_3)
FN:57,(anonymous_4)
FN:60,(anonymous_5)
FN:63,(anonymous_6)
FN:101,(anonymous_7)
FN:103,(anonymous_8)
FN:109,(anonymous_9)
FN:115,(anonymous_10)
FN:121,(anonymous_11)
FN:130,(anonymous_12)
FN:138,(anonymous_13)
FN:147,(anonymous_14)
FN:154,(anonymous_15)
FN:160,(anonymous_16)
FN:167,(anonymous_17)
FN:161,(anonymous_18)
FN:174,(anonymous_19)
FNF:19
FNH:0
FNDA:0,(anonymous_1)
FNDA:0,(anonymous_2)
FNDA:0,(anonymous_3)
FNDA:0,(anonymous_4)
FNDA:0,(anonymous_5)
FNDA:0,(anonymous_6)
FNDA:0,(anonymous_7)
FNDA:0,(anonymous_8)
FNDA:0,(anonymous_9)
FNDA:0,(anonymous_10)
FNDA:0,(anonymous_11)
FNDA:0,(anonymous_12)
FNDA:0,(anonymous_13)
FNDA:0,(anonymous_14)
FNDA:0,(anonymous_15)
FNDA:0,(anonymous_16)
FNDA:0,(anonymous_17)
FNDA:0,(anonymous_18)
FNDA:0,(anonymous_19)
DA:1,2
DA:2,2
DA:3,2
DA:4,2
DA:5,2
DA:6,2
DA:24,2
DA:50,0
DA:51,0
DA:52,0
DA:54,0
DA:55,0
DA:57,0
DA:58,0
DA:60,0
DA:61,0
DA:63,0
DA:64,0
DA:65,0
DA:98,2
DA:102,0
DA:103,0
DA:104,0
DA:105,0
DA:106,0
DA:107,0
DA:109,0
DA:110,0
DA:111,0
DA:112,0
DA:113,0
DA:115,0
DA:116,0
DA:117,0
DA:118,0
DA:119,0
DA:121,0
DA:122,0
DA:123,0
DA:124,0
DA:125,0
DA:127,0
DA:128,0
DA:130,0
DA:131,0
DA:132,0
DA:133,0
DA:134,0
DA:135,0
DA:136,0
DA:138,0
DA:139,0
DA:140,0
DA:141,0
DA:142,0
DA:144,0
DA:145,0
DA:146,0
DA:147,0
DA:149,0
DA:154,0
DA:157,0
DA:159,0
DA:160,0
DA:161,0
DA:167,0
DA:173,0
DA:174,0
DA:175,0
DA:180,0
LF:70
LH:8
BRDA:73,0,0,0
BRDA:73,0,1,0
BRDA:105,1,0,0
BRDA:105,1,1,0
BRDA:111,2,0,0
BRDA:111,2,1,0
BRDA:117,3,0,0
BRDA:117,3,1,0
BRDA:122,4,0,0
BRDA:122,4,1,0
BRDA:124,5,0,0
BRDA:124,5,1,0
BRDA:132,6,0,0
BRDA:132,6,1,0
BRDA:133,7,0,0
BRDA:133,7,1,0
BRDA:142,8,0,0
BRDA:142,8,1,0
BRDA:144,9,0,0
BRDA:144,9,1,0
BRDA:146,10,0,0
BRDA:146,10,1,0
BRDA:157,11,0,0
BRDA:157,11,1,0
BRDA:159,12,0,0
BRDA:159,12,1,0
BRDA:161,13,0,0
BRDA:161,13,1,0
BRF:28
BRH:0
end_of_record
TN:
SF:/Users/henry/study/vue3-json-schema/lib/fields/NumberField.vue
FN:10,(anonymous_0)
FN:11,(anonymous_1)
FNF:2
FNH:2
FNDA:1,(anonymous_0)
FNDA:1,(anonymous_1)
DA:6,2
DA:7,2
DA:8,2
DA:11,1
DA:12,1
DA:13,1
DA:14,0
DA:16,1
DA:17,1
DA:20,1
LF:10
LH:9
BRDA:13,0,0,0
BRDA:13,0,1,1
BRF:2
BRH:1
end_of_record
TN:
SF:/Users/henry/study/vue3-json-schema/lib/fields/ObjectField.tsx
FN:25,(anonymous_0)
FN:27,(anonymous_1)
FN:36,(anonymous_2)
FN:41,(anonymous_3)
FN:43,(anonymous_4)
FNF:5
FNH:2
FNDA:1,(anonymous_0)
FNDA:0,(anonymous_1)
FNDA:1,(anonymous_2)
FNDA:0,(anonymous_3)
FNDA:0,(anonymous_4)
DA:1,2
DA:7,2
DA:8,2
DA:9,2
DA:10,2
DA:22,2
DA:26,1
DA:27,1
DA:28,0
DA:29,0
DA:30,0
DA:32,0
DA:34,0
DA:36,1
DA:37,1
DA:38,1
DA:39,1
DA:40,1
DA:41,1
DA:42,0
DA:43,0
LF:21
LH:14
BRDA:28,0,0,0
BRDA:28,0,1,0
BRDA:29,1,0,0
BRDA:29,1,1,0
BRDA:39,2,0,1
BRDA:39,2,1,1
BRDA:40,3,0,1
BRDA:40,3,1,0
BRF:8
BRH:3
end_of_record
TN:
SF:/Users/henry/study/vue3-json-schema/lib/fields/StringField.vue
FN:10,(anonymous_0)
FN:11,(anonymous_1)
FNF:2
FNH:0
FNDA:0,(anonymous_0)
FNDA:0,(anonymous_1)
DA:6,2
DA:7,2
DA:8,2
DA:11,0
DA:12,0
DA:14,0
LF:6
LH:3
BRF:0
BRH:0
end_of_record
TN:
SF:/Users/henry/study/vue3-json-schema/lib/widgets/selection.tsx
FN:19,(anonymous_0)
FN:21,(anonymous_1)
FN:26,(anonymous_2)
FN:26,(anonymous_3)
FN:31,(anonymous_4)
FN:34,(anonymous_5)
FN:36,(anonymous_6)
FNF:7
FNH:0
FNDA:0,(anonymous_0)
FNDA:0,(anonymous_1)
FNDA:0,(anonymous_2)
FNDA:0,(anonymous_3)
FNDA:0,(anonymous_4)
FNDA:0,(anonymous_5)
FNDA:0,(anonymous_6)
DA:1,2
DA:3,2
DA:20,0
DA:21,0
DA:22,0
DA:23,0
DA:26,0
DA:27,0
DA:28,0
DA:31,0
DA:32,0
DA:33,0
DA:34,0
DA:36,0
LF:14
LH:2
BRDA:22,0,0,0
BRDA:22,0,1,0
BRDA:27,1,0,0
BRDA:27,1,1,0
BRF:4
BRH:0
end_of_record
